ERROR - 2022-08-23 09:20:56 --> Unknown column 'nama_rombel' in 'order clause'
CRITICAL - 2022-08-23 09:20:56 --> Unknown column 'nama_rombel' in 'order clause'
in SYSTEMPATH\Database\MySQLi\Connection.php on line 292.
 1 SYSTEMPATH\Database\MySQLi\Connection.php(292): mysqli->query('SELECT *
FROM `tbl-kelas`
WHERE `id_kelas` = \'24\'
ORDER BY `nama_rombel` ASC', 0)
 2 SYSTEMPATH\Database\BaseConnection.php(695): CodeIgniter\Database\MySQLi\Connection->execute('SELECT *
FROM `tbl-kelas`
WHERE `id_kelas` = \'24\'
ORDER BY `nama_rombel` ASC')
 3 SYSTEMPATH\Database\BaseConnection.php(609): CodeIgniter\Database\BaseConnection->simpleQuery('SELECT *
FROM `tbl-kelas`
WHERE `id_kelas` = \'24\'
ORDER BY `nama_rombel` ASC')
 4 SYSTEMPATH\Database\BaseBuilder.php(1585): CodeIgniter\Database\BaseConnection->query('SELECT *
FROM `tbl-kelas`
WHERE `id_kelas` = :id_kelas:
ORDER BY `nama_rombel` ASC', [...], false)
 5 APPPATH\Models\ModelJadwalPelajaran.php(33): CodeIgniter\Database\BaseBuilder->get()
 6 APPPATH\Controllers\JadwalPelajaran.php(42): App\Models\ModelJadwalPelajaran->rombel('24')
 7 SYSTEMPATH\CodeIgniter.php(896): App\Controllers\JadwalPelajaran->detail_jadwal('24')
 8 SYSTEMPATH\CodeIgniter.php(466): CodeIgniter\CodeIgniter->runController(Object(App\Controllers\JadwalPelajaran))
 9 SYSTEMPATH\CodeIgniter.php(349): CodeIgniter\CodeIgniter->handleRequest(null, Object(Config\Cache), false)
10 FCPATH\index.php(55): CodeIgniter\CodeIgniter->run()
ERROR - 2022-08-23 09:27:50 --> Unknown column 'id_kelas' in 'where clause'
CRITICAL - 2022-08-23 09:27:50 --> Unknown column 'id_kelas' in 'where clause'
in SYSTEMPATH\Database\MySQLi\Connection.php on line 292.
 1 SYSTEMPATH\Database\MySQLi\Connection.php(292): mysqli->query('SELECT *
FROM `tbl-guru`
WHERE `id_kelas` = \'24\'', 0)
 2 SYSTEMPATH\Database\BaseConnection.php(695): CodeIgniter\Database\MySQLi\Connection->execute('SELECT *
FROM `tbl-guru`
WHERE `id_kelas` = \'24\'')
 3 SYSTEMPATH\Database\BaseConnection.php(609): CodeIgniter\Database\BaseConnection->simpleQuery('SELECT *
FROM `tbl-guru`
WHERE `id_kelas` = \'24\'')
 4 SYSTEMPATH\Database\BaseBuilder.php(1585): CodeIgniter\Database\BaseConnection->query('SELECT *
FROM `tbl-guru`
WHERE `id_kelas` = :id_kelas:', [...], false)
 5 APPPATH\Models\ModelJadwalPelajaran.php(32): CodeIgniter\Database\BaseBuilder->get()
 6 APPPATH\Controllers\JadwalPelajaran.php(42): App\Models\ModelJadwalPelajaran->guru('24')
 7 SYSTEMPATH\CodeIgniter.php(896): App\Controllers\JadwalPelajaran->detail_jadwal('24')
 8 SYSTEMPATH\CodeIgniter.php(466): CodeIgniter\CodeIgniter->runController(Object(App\Controllers\JadwalPelajaran))
 9 SYSTEMPATH\CodeIgniter.php(349): CodeIgniter\CodeIgniter->handleRequest(null, Object(Config\Cache), false)
10 FCPATH\index.php(55): CodeIgniter\CodeIgniter->run()
ERROR - 2022-08-23 09:28:55 --> Unknown column 'id_kelas' in 'where clause'
CRITICAL - 2022-08-23 09:28:55 --> Unknown column 'id_kelas' in 'where clause'
in SYSTEMPATH\Database\MySQLi\Connection.php on line 292.
 1 SYSTEMPATH\Database\MySQLi\Connection.php(292): mysqli->query('SELECT *
FROM `tbl-guru`
WHERE `id_kelas` = \'24\'
ORDER BY `nama_guru` ASC', 0)
 2 SYSTEMPATH\Database\BaseConnection.php(695): CodeIgniter\Database\MySQLi\Connection->execute('SELECT *
FROM `tbl-guru`
WHERE `id_kelas` = \'24\'
ORDER BY `nama_guru` ASC')
 3 SYSTEMPATH\Database\BaseConnection.php(609): CodeIgniter\Database\BaseConnection->simpleQuery('SELECT *
FROM `tbl-guru`
WHERE `id_kelas` = \'24\'
ORDER BY `nama_guru` ASC')
 4 SYSTEMPATH\Database\BaseBuilder.php(1585): CodeIgniter\Database\BaseConnection->query('SELECT *
FROM `tbl-guru`
WHERE `id_kelas` = :id_kelas:
ORDER BY `nama_guru` ASC', [...], false)
 5 APPPATH\Models\ModelJadwalPelajaran.php(33): CodeIgniter\Database\BaseBuilder->get()
 6 APPPATH\Controllers\JadwalPelajaran.php(42): App\Models\ModelJadwalPelajaran->guru('24')
 7 SYSTEMPATH\CodeIgniter.php(896): App\Controllers\JadwalPelajaran->detail_jadwal('24')
 8 SYSTEMPATH\CodeIgniter.php(466): CodeIgniter\CodeIgniter->runController(Object(App\Controllers\JadwalPelajaran))
 9 SYSTEMPATH\CodeIgniter.php(349): CodeIgniter\CodeIgniter->handleRequest(null, Object(Config\Cache), false)
10 FCPATH\index.php(55): CodeIgniter\CodeIgniter->run()
ERROR - 2022-08-23 09:29:13 --> Unknown column 'id_kelas' in 'where clause'
CRITICAL - 2022-08-23 09:29:13 --> Unknown column 'id_kelas' in 'where clause'
in SYSTEMPATH\Database\MySQLi\Connection.php on line 292.
 1 SYSTEMPATH\Database\MySQLi\Connection.php(292): mysqli->query('SELECT *
FROM `tbl-guru`
WHERE `id_kelas` = \'24\'
ORDER BY `nama_guru` ASC', 0)
 2 SYSTEMPATH\Database\BaseConnection.php(695): CodeIgniter\Database\MySQLi\Connection->execute('SELECT *
FROM `tbl-guru`
WHERE `id_kelas` = \'24\'
ORDER BY `nama_guru` ASC')
 3 SYSTEMPATH\Database\BaseConnection.php(609): CodeIgniter\Database\BaseConnection->simpleQuery('SELECT *
FROM `tbl-guru`
WHERE `id_kelas` = \'24\'
ORDER BY `nama_guru` ASC')
 4 SYSTEMPATH\Database\BaseBuilder.php(1585): CodeIgniter\Database\BaseConnection->query('SELECT *
FROM `tbl-guru`
WHERE `id_kelas` = :id_kelas:
ORDER BY `nama_guru` ASC', [...], false)
 5 APPPATH\Models\ModelJadwalPelajaran.php(33): CodeIgniter\Database\BaseBuilder->get()
 6 APPPATH\Controllers\JadwalPelajaran.php(42): App\Models\ModelJadwalPelajaran->guru('24')
 7 SYSTEMPATH\CodeIgniter.php(896): App\Controllers\JadwalPelajaran->detail_jadwal('24')
 8 SYSTEMPATH\CodeIgniter.php(466): CodeIgniter\CodeIgniter->runController(Object(App\Controllers\JadwalPelajaran))
 9 SYSTEMPATH\CodeIgniter.php(349): CodeIgniter\CodeIgniter->handleRequest(null, Object(Config\Cache), false)
10 FCPATH\index.php(55): CodeIgniter\CodeIgniter->run()
CRITICAL - 2022-08-23 09:30:13 --> Undefined array key "id_guru"
in APPPATH\Views\admin\jadwalpelajaran\v_detail.php on line 138.
 1 APPPATH\Views\admin\jadwalpelajaran\v_detail.php(138): CodeIgniter\Debug\Exceptions->errorHandler(2, 'Undefined array key "id_guru"', 'APPPATH\\Views\\admin\\jadwalpelajaran\\v_detail.php', 138)
 2 SYSTEMPATH\View\View.php(213): include('APPPATH\\Views\\admin\\jadwalpelajaran\\v_detail.php')
 3 SYSTEMPATH\View\View.php(216): CodeIgniter\View\View->CodeIgniter\View\{closure}()
 4 SYSTEMPATH\Common.php(1135): CodeIgniter\View\View->render('admin/jadwalpelajaran/v_detail', [], true)
 5 APPPATH\Views\layout\v_content.php(3): view('admin/jadwalpelajaran/v_detail')
 6 SYSTEMPATH\View\View.php(213): include('APPPATH\\Views\\layout\\v_content.php')
 7 SYSTEMPATH\View\View.php(216): CodeIgniter\View\View->CodeIgniter\View\{closure}()
 8 SYSTEMPATH\Common.php(1135): CodeIgniter\View\View->render('layout/v_content', [], true)
 9 APPPATH\Views\layout\v_wrapper.php(6): view('layout/v_content')
10 SYSTEMPATH\View\View.php(213): include('APPPATH\\Views\\layout\\v_wrapper.php')
11 SYSTEMPATH\View\View.php(216): CodeIgniter\View\View->CodeIgniter\View\{closure}()
12 SYSTEMPATH\Common.php(1135): CodeIgniter\View\View->render('layout/v_wrapper', [], true)
13 APPPATH\Controllers\JadwalPelajaran.php(46): view('layout/v_wrapper', [...])
14 SYSTEMPATH\CodeIgniter.php(896): App\Controllers\JadwalPelajaran->detail_jadwal('24')
15 SYSTEMPATH\CodeIgniter.php(466): CodeIgniter\CodeIgniter->runController(Object(App\Controllers\JadwalPelajaran))
16 SYSTEMPATH\CodeIgniter.php(349): CodeIgniter\CodeIgniter->handleRequest(null, Object(Config\Cache), false)
17 FCPATH\index.php(55): CodeIgniter\CodeIgniter->run()
CRITICAL - 2022-08-23 09:32:56 --> Cannot access offset of type string on string
in APPPATH\Views\admin\jadwalpelajaran\v_detail.php on line 138.
 1 SYSTEMPATH\View\View.php(213): include()
 2 SYSTEMPATH\View\View.php(216): CodeIgniter\View\View->CodeIgniter\View\{closure}()
 3 SYSTEMPATH\Common.php(1135): CodeIgniter\View\View->render('admin/jadwalpelajaran/v_detail', [], true)
 4 APPPATH\Views\layout\v_content.php(3): view('admin/jadwalpelajaran/v_detail')
 5 SYSTEMPATH\View\View.php(213): include('APPPATH\\Views\\layout\\v_content.php')
 6 SYSTEMPATH\View\View.php(216): CodeIgniter\View\View->CodeIgniter\View\{closure}()
 7 SYSTEMPATH\Common.php(1135): CodeIgniter\View\View->render('layout/v_content', [], true)
 8 APPPATH\Views\layout\v_wrapper.php(6): view('layout/v_content')
 9 SYSTEMPATH\View\View.php(213): include('APPPATH\\Views\\layout\\v_wrapper.php')
10 SYSTEMPATH\View\View.php(216): CodeIgniter\View\View->CodeIgniter\View\{closure}()
11 SYSTEMPATH\Common.php(1135): CodeIgniter\View\View->render('layout/v_wrapper', [], true)
12 APPPATH\Controllers\JadwalPelajaran.php(46): view('layout/v_wrapper', [...])
13 SYSTEMPATH\CodeIgniter.php(896): App\Controllers\JadwalPelajaran->detail_jadwal('24')
14 SYSTEMPATH\CodeIgniter.php(466): CodeIgniter\CodeIgniter->runController(Object(App\Controllers\JadwalPelajaran))
15 SYSTEMPATH\CodeIgniter.php(349): CodeIgniter\CodeIgniter->handleRequest(null, Object(Config\Cache), false)
16 FCPATH\index.php(55): CodeIgniter\CodeIgniter->run()
CRITICAL - 2022-08-23 09:35:03 --> Undefined array key "id_mapel"
in APPPATH\Views\admin\jadwalpelajaran\v_detail.php on line 138.
 1 APPPATH\Views\admin\jadwalpelajaran\v_detail.php(138): CodeIgniter\Debug\Exceptions->errorHandler(2, 'Undefined array key "id_mapel"', 'APPPATH\\Views\\admin\\jadwalpelajaran\\v_detail.php', 138)
 2 SYSTEMPATH\View\View.php(213): include('APPPATH\\Views\\admin\\jadwalpelajaran\\v_detail.php')
 3 SYSTEMPATH\View\View.php(216): CodeIgniter\View\View->CodeIgniter\View\{closure}()
 4 SYSTEMPATH\Common.php(1135): CodeIgniter\View\View->render('admin/jadwalpelajaran/v_detail', [], true)
 5 APPPATH\Views\layout\v_content.php(3): view('admin/jadwalpelajaran/v_detail')
 6 SYSTEMPATH\View\View.php(213): include('APPPATH\\Views\\layout\\v_content.php')
 7 SYSTEMPATH\View\View.php(216): CodeIgniter\View\View->CodeIgniter\View\{closure}()
 8 SYSTEMPATH\Common.php(1135): CodeIgniter\View\View->render('layout/v_content', [], true)
 9 APPPATH\Views\layout\v_wrapper.php(6): view('layout/v_content')
10 SYSTEMPATH\View\View.php(213): include('APPPATH\\Views\\layout\\v_wrapper.php')
11 SYSTEMPATH\View\View.php(216): CodeIgniter\View\View->CodeIgniter\View\{closure}()
12 SYSTEMPATH\Common.php(1135): CodeIgniter\View\View->render('layout/v_wrapper', [], true)
13 APPPATH\Controllers\JadwalPelajaran.php(46): view('layout/v_wrapper', [...])
14 SYSTEMPATH\CodeIgniter.php(896): App\Controllers\JadwalPelajaran->detail_jadwal('24')
15 SYSTEMPATH\CodeIgniter.php(466): CodeIgniter\CodeIgniter->runController(Object(App\Controllers\JadwalPelajaran))
16 SYSTEMPATH\CodeIgniter.php(349): CodeIgniter\CodeIgniter->handleRequest(null, Object(Config\Cache), false)
17 FCPATH\index.php(55): CodeIgniter\CodeIgniter->run()
