CRITICAL - 2023-01-25 01:40:31 --> Undefined property: App\Controllers\Fots::$ModelKelas
in APPPATH\Controllers\Fots.php on line 114.
 1 APPPATH\Controllers\Fots.php(114): CodeIgniter\Debug\Exceptions->errorHandler(2, 'Undefined property: App\\Controllers\\Fots::$ModelKelas', 'APPPATH\\Controllers\\Fots.php', 114)
 2 SYSTEMPATH\CodeIgniter.php(896): App\Controllers\Fots->edit('1')
 3 SYSTEMPATH\CodeIgniter.php(466): CodeIgniter\CodeIgniter->runController(Object(App\Controllers\Fots))
 4 SYSTEMPATH\CodeIgniter.php(349): CodeIgniter\CodeIgniter->handleRequest(null, Object(Config\Cache), false)
 5 FCPATH\index.php(55): CodeIgniter\CodeIgniter->run()
CRITICAL - 2023-01-25 01:40:43 --> Undefined property: App\Controllers\Fots::$ModelSiswa
in APPPATH\Controllers\Fots.php on line 205.
 1 APPPATH\Controllers\Fots.php(205): CodeIgniter\Debug\Exceptions->errorHandler(2, 'Undefined property: App\\Controllers\\Fots::$ModelSiswa', 'APPPATH\\Controllers\\Fots.php', 205)
 2 SYSTEMPATH\CodeIgniter.php(896): App\Controllers\Fots->delete('2')
 3 SYSTEMPATH\CodeIgniter.php(466): CodeIgniter\CodeIgniter->runController(Object(App\Controllers\Fots))
 4 SYSTEMPATH\CodeIgniter.php(349): CodeIgniter\CodeIgniter->handleRequest(null, Object(Config\Cache), false)
 5 FCPATH\index.php(55): CodeIgniter\CodeIgniter->run()
CRITICAL - 2023-01-25 03:57:43 --> Undefined property: App\Controllers\Fots::$ModelKelas
in APPPATH\Controllers\Fots.php on line 114.
 1 APPPATH\Controllers\Fots.php(114): CodeIgniter\Debug\Exceptions->errorHandler(2, 'Undefined property: App\\Controllers\\Fots::$ModelKelas', 'APPPATH\\Controllers\\Fots.php', 114)
 2 SYSTEMPATH\CodeIgniter.php(896): App\Controllers\Fots->edit('1')
 3 SYSTEMPATH\CodeIgniter.php(466): CodeIgniter\CodeIgniter->runController(Object(App\Controllers\Fots))
 4 SYSTEMPATH\CodeIgniter.php(349): CodeIgniter\CodeIgniter->handleRequest(null, Object(Config\Cache), false)
 5 FCPATH\index.php(55): CodeIgniter\CodeIgniter->run()
