CRITICAL - 2023-01-26 19:46:32 --> Undefined property: App\Controllers\Fots::$ModelKelas
in APPPATH\Controllers\Fots.php on line 114.
 1 APPPATH\Controllers\Fots.php(114): CodeIgniter\Debug\Exceptions->errorHandler(2, 'Undefined property: App\\Controllers\\Fots::$ModelKelas', 'APPPATH\\Controllers\\Fots.php', 114)
 2 SYSTEMPATH\CodeIgniter.php(896): App\Controllers\Fots->edit('1')
 3 SYSTEMPATH\CodeIgniter.php(466): CodeIgniter\CodeIgniter->runController(Object(App\Controllers\Fots))
 4 SYSTEMPATH\CodeIgniter.php(349): CodeIgniter\CodeIgniter->handleRequest(null, Object(Config\Cache), false)
 5 FCPATH\index.php(55): CodeIgniter\CodeIgniter->run()
CRITICAL - 2023-01-26 20:31:56 --> syntax error, unexpected token ";", expecting ")"
in APPPATH\Controllers\Fots.php on line 91.
 1 SYSTEMPATH\Router\Router.php(499): CodeIgniter\Router\AutoRouter->getRoute('fots/add')
 2 SYSTEMPATH\Router\Router.php(205): CodeIgniter\Router\Router->autoRoute('fots/add')
 3 SYSTEMPATH\CodeIgniter.php(771): CodeIgniter\Router\Router->handle('fots/add')
 4 SYSTEMPATH\CodeIgniter.php(415): CodeIgniter\CodeIgniter->tryToRouteIt(Object(CodeIgniter\Router\RouteCollection))
 5 SYSTEMPATH\CodeIgniter.php(349): CodeIgniter\CodeIgniter->handleRequest(null, Object(Config\Cache), false)
 6 FCPATH\index.php(55): CodeIgniter\CodeIgniter->run()
CRITICAL - 2023-01-26 20:34:49 --> Undefined variable $tenor
in APPPATH\Controllers\Fots.php on line 81.
 1 APPPATH\Controllers\Fots.php(81): CodeIgniter\Debug\Exceptions->errorHandler(2, 'Undefined variable $tenor', 'APPPATH\\Controllers\\Fots.php', 81)
 2 SYSTEMPATH\CodeIgniter.php(896): App\Controllers\Fots->insert()
 3 SYSTEMPATH\CodeIgniter.php(466): CodeIgniter\CodeIgniter->runController(Object(App\Controllers\Fots))
 4 SYSTEMPATH\CodeIgniter.php(349): CodeIgniter\CodeIgniter->handleRequest(null, Object(Config\Cache), false)
 5 FCPATH\index.php(55): CodeIgniter\CodeIgniter->run()
CRITICAL - 2023-01-26 20:36:09 --> Undefined variable $tenor
in APPPATH\Controllers\Fots.php on line 84.
 1 APPPATH\Controllers\Fots.php(84): CodeIgniter\Debug\Exceptions->errorHandler(2, 'Undefined variable $tenor', 'APPPATH\\Controllers\\Fots.php', 84)
 2 SYSTEMPATH\CodeIgniter.php(896): App\Controllers\Fots->insert()
 3 SYSTEMPATH\CodeIgniter.php(466): CodeIgniter\CodeIgniter->runController(Object(App\Controllers\Fots))
 4 SYSTEMPATH\CodeIgniter.php(349): CodeIgniter\CodeIgniter->handleRequest(null, Object(Config\Cache), false)
 5 FCPATH\index.php(55): CodeIgniter\CodeIgniter->run()
CRITICAL - 2023-01-26 20:37:25 --> Undefined variable $tenor
in APPPATH\Controllers\Fots.php on line 84.
 1 APPPATH\Controllers\Fots.php(84): CodeIgniter\Debug\Exceptions->errorHandler(2, 'Undefined variable $tenor', 'APPPATH\\Controllers\\Fots.php', 84)
 2 SYSTEMPATH\CodeIgniter.php(896): App\Controllers\Fots->insert()
 3 SYSTEMPATH\CodeIgniter.php(466): CodeIgniter\CodeIgniter->runController(Object(App\Controllers\Fots))
 4 SYSTEMPATH\CodeIgniter.php(349): CodeIgniter\CodeIgniter->handleRequest(null, Object(Config\Cache), false)
 5 FCPATH\index.php(55): CodeIgniter\CodeIgniter->run()
CRITICAL - 2023-01-26 20:38:13 --> Unsupported operand types: string + string
in APPPATH\Controllers\Fots.php on line 85.
 1 SYSTEMPATH\CodeIgniter.php(896): App\Controllers\Fots->insert()
 2 SYSTEMPATH\CodeIgniter.php(466): CodeIgniter\CodeIgniter->runController(Object(App\Controllers\Fots))
 3 SYSTEMPATH\CodeIgniter.php(349): CodeIgniter\CodeIgniter->handleRequest(null, Object(Config\Cache), false)
 4 FCPATH\index.php(55): CodeIgniter\CodeIgniter->run()
CRITICAL - 2023-01-26 20:39:29 --> Undefined property: App\Controllers\Fots::$ModelKelas
in APPPATH\Controllers\Fots.php on line 116.
 1 APPPATH\Controllers\Fots.php(116): CodeIgniter\Debug\Exceptions->errorHandler(2, 'Undefined property: App\\Controllers\\Fots::$ModelKelas', 'APPPATH\\Controllers\\Fots.php', 116)
 2 SYSTEMPATH\CodeIgniter.php(896): App\Controllers\Fots->edit('1')
 3 SYSTEMPATH\CodeIgniter.php(466): CodeIgniter\CodeIgniter->runController(Object(App\Controllers\Fots))
 4 SYSTEMPATH\CodeIgniter.php(349): CodeIgniter\CodeIgniter->handleRequest(null, Object(Config\Cache), false)
 5 FCPATH\index.php(55): CodeIgniter\CodeIgniter->run()
CRITICAL - 2023-01-26 20:43:08 --> Undefined property: App\Controllers\Fots::$ModelKelas
in APPPATH\Controllers\Fots.php on line 116.
 1 APPPATH\Controllers\Fots.php(116): CodeIgniter\Debug\Exceptions->errorHandler(2, 'Undefined property: App\\Controllers\\Fots::$ModelKelas', 'APPPATH\\Controllers\\Fots.php', 116)
 2 SYSTEMPATH\CodeIgniter.php(896): App\Controllers\Fots->edit('1')
 3 SYSTEMPATH\CodeIgniter.php(466): CodeIgniter\CodeIgniter->runController(Object(App\Controllers\Fots))
 4 SYSTEMPATH\CodeIgniter.php(349): CodeIgniter\CodeIgniter->handleRequest(null, Object(Config\Cache), false)
 5 FCPATH\index.php(55): CodeIgniter\CodeIgniter->run()
CRITICAL - 2023-01-26 20:58:06 --> syntax error, unexpected token "<"
in APPPATH\Controllers\Fots.php on line 39.
 1 SYSTEMPATH\Router\Router.php(499): CodeIgniter\Router\AutoRouter->getRoute('fots')
 2 SYSTEMPATH\Router\Router.php(205): CodeIgniter\Router\Router->autoRoute('fots')
 3 SYSTEMPATH\CodeIgniter.php(771): CodeIgniter\Router\Router->handle('fots')
 4 SYSTEMPATH\CodeIgniter.php(415): CodeIgniter\CodeIgniter->tryToRouteIt(Object(CodeIgniter\Router\RouteCollection))
 5 SYSTEMPATH\CodeIgniter.php(349): CodeIgniter\CodeIgniter->handleRequest(null, Object(Config\Cache), false)
 6 FCPATH\index.php(55): CodeIgniter\CodeIgniter->run()
CRITICAL - 2023-01-26 22:24:16 --> Undefined property: App\Controllers\Fots::$ModelKelas
in APPPATH\Controllers\Fots.php on line 116.
 1 APPPATH\Controllers\Fots.php(116): CodeIgniter\Debug\Exceptions->errorHandler(2, 'Undefined property: App\\Controllers\\Fots::$ModelKelas', 'APPPATH\\Controllers\\Fots.php', 116)
 2 SYSTEMPATH\CodeIgniter.php(896): App\Controllers\Fots->edit('1')
 3 SYSTEMPATH\CodeIgniter.php(466): CodeIgniter\CodeIgniter->runController(Object(App\Controllers\Fots))
 4 SYSTEMPATH\CodeIgniter.php(349): CodeIgniter\CodeIgniter->handleRequest(null, Object(Config\Cache), false)
 5 FCPATH\index.php(55): CodeIgniter\CodeIgniter->run()
