CRITICAL - 2022-12-05 00:14:37 --> unlink(foto/1669025668_64ecd5ce4c90fe9425ba.png): No such file or directory
in APPPATH\Controllers\User.php on line 157.
 1 [internal function]: CodeIgniter\Debug\Exceptions->errorHandler(2, 'unlink(foto/1669025668_64ecd5ce4c90fe9425ba.png): No such file or directory', 'APPPATH\\Controllers\\User.php', 157)
 2 APPPATH\Controllers\User.php(157): unlink('foto/1669025668_64ecd5ce4c90fe9425ba.png')
 3 SYSTEMPATH\CodeIgniter.php(896): App\Controllers\User->delete('7')
 4 SYSTEMPATH\CodeIgniter.php(466): CodeIgniter\CodeIgniter->runController(Object(App\Controllers\User))
 5 SYSTEMPATH\CodeIgniter.php(349): CodeIgniter\CodeIgniter->handleRequest(null, Object(Config\Cache), false)
 6 FCPATH\index.php(55): CodeIgniter\CodeIgniter->run()
CRITICAL - 2022-12-05 00:14:59 --> Trying to access array offset on value of type null
in APPPATH\Controllers\User.php on line 156.
 1 APPPATH\Controllers\User.php(156): CodeIgniter\Debug\Exceptions->errorHandler(2, 'Trying to access array offset on value of type null', 'APPPATH\\Controllers\\User.php', 156)
 2 SYSTEMPATH\CodeIgniter.php(896): App\Controllers\User->delete('7')
 3 SYSTEMPATH\CodeIgniter.php(466): CodeIgniter\CodeIgniter->runController(Object(App\Controllers\User))
 4 SYSTEMPATH\CodeIgniter.php(349): CodeIgniter\CodeIgniter->handleRequest(null, Object(Config\Cache), false)
 5 FCPATH\index.php(55): CodeIgniter\CodeIgniter->run()
CRITICAL - 2022-12-05 00:15:22 --> unlink(foto/1668071576_60514d43d9a97a8862fc.png): No such file or directory
in APPPATH\Controllers\User.php on line 157.
 1 [internal function]: CodeIgniter\Debug\Exceptions->errorHandler(2, 'unlink(foto/1668071576_60514d43d9a97a8862fc.png): No such file or directory', 'APPPATH\\Controllers\\User.php', 157)
 2 APPPATH\Controllers\User.php(157): unlink('foto/1668071576_60514d43d9a97a8862fc.png')
 3 SYSTEMPATH\CodeIgniter.php(896): App\Controllers\User->delete('1')
 4 SYSTEMPATH\CodeIgniter.php(466): CodeIgniter\CodeIgniter->runController(Object(App\Controllers\User))
 5 SYSTEMPATH\CodeIgniter.php(349): CodeIgniter\CodeIgniter->handleRequest(null, Object(Config\Cache), false)
 6 FCPATH\index.php(55): CodeIgniter\CodeIgniter->run()
CRITICAL - 2022-12-05 00:15:30 --> Trying to access array offset on value of type null
in APPPATH\Controllers\User.php on line 156.
 1 APPPATH\Controllers\User.php(156): CodeIgniter\Debug\Exceptions->errorHandler(2, 'Trying to access array offset on value of type null', 'APPPATH\\Controllers\\User.php', 156)
 2 SYSTEMPATH\CodeIgniter.php(896): App\Controllers\User->delete('1')
 3 SYSTEMPATH\CodeIgniter.php(466): CodeIgniter\CodeIgniter->runController(Object(App\Controllers\User))
 4 SYSTEMPATH\CodeIgniter.php(349): CodeIgniter\CodeIgniter->handleRequest(null, Object(Config\Cache), false)
 5 FCPATH\index.php(55): CodeIgniter\CodeIgniter->run()
