CRITICAL - 2022-12-07 20:17:12 --> Trying to access array offset on value of type null
in APPPATH\Views\admin\guru\v_edit.php on line 46.
 1 APPPATH\Views\admin\guru\v_edit.php(46): CodeIgniter\Debug\Exceptions->errorHandler(2, 'Trying to access array offset on value of type null', 'APPPATH\\Views\\admin\\guru\\v_edit.php', 46)
 2 SYSTEMPATH\View\View.php(213): include('APPPATH\\Views\\admin\\guru\\v_edit.php')
 3 SYSTEMPATH\View\View.php(216): CodeIgniter\View\View->CodeIgniter\View\{closure}()
 4 SYSTEMPATH\Common.php(1135): CodeIgniter\View\View->render('admin/guru/v_edit', [], true)
 5 APPPATH\Views\layout\v_content.php(3): view('admin/guru/v_edit')
 6 SYSTEMPATH\View\View.php(213): include('APPPATH\\Views\\layout\\v_content.php')
 7 SYSTEMPATH\View\View.php(216): CodeIgniter\View\View->CodeIgniter\View\{closure}()
 8 SYSTEMPATH\Common.php(1135): CodeIgniter\View\View->render('layout/v_content', [], true)
 9 APPPATH\Views\layout\v_wrapper.php(6): view('layout/v_content')
10 SYSTEMPATH\View\View.php(213): include('APPPATH\\Views\\layout\\v_wrapper.php')
11 SYSTEMPATH\View\View.php(216): CodeIgniter\View\View->CodeIgniter\View\{closure}()
12 SYSTEMPATH\Common.php(1135): CodeIgniter\View\View->render('layout/v_wrapper', [], true)
13 APPPATH\Controllers\Guru.php(98): view('layout/v_wrapper', [...])
14 SYSTEMPATH\CodeIgniter.php(896): App\Controllers\Guru->edit('assets', 'css', 'bootstrap.css')
15 SYSTEMPATH\CodeIgniter.php(466): CodeIgniter\CodeIgniter->runController(Object(App\Controllers\Guru))
16 SYSTEMPATH\CodeIgniter.php(349): CodeIgniter\CodeIgniter->handleRequest(null, Object(Config\Cache), false)
17 FCPATH\index.php(55): CodeIgniter\CodeIgniter->run()
CRITICAL - 2022-12-07 20:17:12 --> Trying to access array offset on value of type null
in APPPATH\Views\admin\guru\v_edit.php on line 46.
 1 APPPATH\Views\admin\guru\v_edit.php(46): CodeIgniter\Debug\Exceptions->errorHandler(2, 'Trying to access array offset on value of type null', 'APPPATH\\Views\\admin\\guru\\v_edit.php', 46)
 2 SYSTEMPATH\View\View.php(213): include('APPPATH\\Views\\admin\\guru\\v_edit.php')
 3 SYSTEMPATH\View\View.php(216): CodeIgniter\View\View->CodeIgniter\View\{closure}()
 4 SYSTEMPATH\Common.php(1135): CodeIgniter\View\View->render('admin/guru/v_edit', [], true)
 5 APPPATH\Views\layout\v_content.php(3): view('admin/guru/v_edit')
 6 SYSTEMPATH\View\View.php(213): include('APPPATH\\Views\\layout\\v_content.php')
 7 SYSTEMPATH\View\View.php(216): CodeIgniter\View\View->CodeIgniter\View\{closure}()
 8 SYSTEMPATH\Common.php(1135): CodeIgniter\View\View->render('layout/v_content', [], true)
 9 APPPATH\Views\layout\v_wrapper.php(6): view('layout/v_content')
10 SYSTEMPATH\View\View.php(213): include('APPPATH\\Views\\layout\\v_wrapper.php')
11 SYSTEMPATH\View\View.php(216): CodeIgniter\View\View->CodeIgniter\View\{closure}()
12 SYSTEMPATH\Common.php(1135): CodeIgniter\View\View->render('layout/v_wrapper', [], true)
13 APPPATH\Controllers\Guru.php(98): view('layout/v_wrapper', [...])
14 SYSTEMPATH\CodeIgniter.php(896): App\Controllers\Guru->edit('js', 'bootstrap.min.js')
15 SYSTEMPATH\CodeIgniter.php(466): CodeIgniter\CodeIgniter->runController(Object(App\Controllers\Guru))
16 SYSTEMPATH\CodeIgniter.php(349): CodeIgniter\CodeIgniter->handleRequest(null, Object(Config\Cache), false)
17 FCPATH\index.php(55): CodeIgniter\CodeIgniter->run()
CRITICAL - 2022-12-07 20:17:12 --> Trying to access array offset on value of type null
in APPPATH\Views\admin\guru\v_edit.php on line 46.
 1 APPPATH\Views\admin\guru\v_edit.php(46): CodeIgniter\Debug\Exceptions->errorHandler(2, 'Trying to access array offset on value of type null', 'APPPATH\\Views\\admin\\guru\\v_edit.php', 46)
 2 SYSTEMPATH\View\View.php(213): include('APPPATH\\Views\\admin\\guru\\v_edit.php')
 3 SYSTEMPATH\View\View.php(216): CodeIgniter\View\View->CodeIgniter\View\{closure}()
 4 SYSTEMPATH\Common.php(1135): CodeIgniter\View\View->render('admin/guru/v_edit', [], true)
 5 APPPATH\Views\layout\v_content.php(3): view('admin/guru/v_edit')
 6 SYSTEMPATH\View\View.php(213): include('APPPATH\\Views\\layout\\v_content.php')
 7 SYSTEMPATH\View\View.php(216): CodeIgniter\View\View->CodeIgniter\View\{closure}()
 8 SYSTEMPATH\Common.php(1135): CodeIgniter\View\View->render('layout/v_content', [], true)
 9 APPPATH\Views\layout\v_wrapper.php(6): view('layout/v_content')
10 SYSTEMPATH\View\View.php(213): include('APPPATH\\Views\\layout\\v_wrapper.php')
11 SYSTEMPATH\View\View.php(216): CodeIgniter\View\View->CodeIgniter\View\{closure}()
12 SYSTEMPATH\Common.php(1135): CodeIgniter\View\View->render('layout/v_wrapper', [], true)
13 APPPATH\Controllers\Guru.php(98): view('layout/v_wrapper', [...])
14 SYSTEMPATH\CodeIgniter.php(896): App\Controllers\Guru->edit('assets', 'js', 'bootstrap.js')
15 SYSTEMPATH\CodeIgniter.php(466): CodeIgniter\CodeIgniter->runController(Object(App\Controllers\Guru))
16 SYSTEMPATH\CodeIgniter.php(349): CodeIgniter\CodeIgniter->handleRequest(null, Object(Config\Cache), false)
17 FCPATH\index.php(55): CodeIgniter\CodeIgniter->run()
CRITICAL - 2022-12-07 20:17:12 --> Trying to access array offset on value of type null
in APPPATH\Views\admin\guru\v_edit.php on line 46.
 1 APPPATH\Views\admin\guru\v_edit.php(46): CodeIgniter\Debug\Exceptions->errorHandler(2, 'Trying to access array offset on value of type null', 'APPPATH\\Views\\admin\\guru\\v_edit.php', 46)
 2 SYSTEMPATH\View\View.php(213): include('APPPATH\\Views\\admin\\guru\\v_edit.php')
 3 SYSTEMPATH\View\View.php(216): CodeIgniter\View\View->CodeIgniter\View\{closure}()
 4 SYSTEMPATH\Common.php(1135): CodeIgniter\View\View->render('admin/guru/v_edit', [], true)
 5 APPPATH\Views\layout\v_content.php(3): view('admin/guru/v_edit')
 6 SYSTEMPATH\View\View.php(213): include('APPPATH\\Views\\layout\\v_content.php')
 7 SYSTEMPATH\View\View.php(216): CodeIgniter\View\View->CodeIgniter\View\{closure}()
 8 SYSTEMPATH\Common.php(1135): CodeIgniter\View\View->render('layout/v_content', [], true)
 9 APPPATH\Views\layout\v_wrapper.php(6): view('layout/v_content')
10 SYSTEMPATH\View\View.php(213): include('APPPATH\\Views\\layout\\v_wrapper.php')
11 SYSTEMPATH\View\View.php(216): CodeIgniter\View\View->CodeIgniter\View\{closure}()
12 SYSTEMPATH\Common.php(1135): CodeIgniter\View\View->render('layout/v_wrapper', [], true)
13 APPPATH\Controllers\Guru.php(98): view('layout/v_wrapper', [...])
14 SYSTEMPATH\CodeIgniter.php(896): App\Controllers\Guru->edit('assets', 'js', 'jquery.js')
15 SYSTEMPATH\CodeIgniter.php(466): CodeIgniter\CodeIgniter->runController(Object(App\Controllers\Guru))
16 SYSTEMPATH\CodeIgniter.php(349): CodeIgniter\CodeIgniter->handleRequest(null, Object(Config\Cache), false)
17 FCPATH\index.php(55): CodeIgniter\CodeIgniter->run()
CRITICAL - 2022-12-07 20:17:17 --> Trying to access array offset on value of type null
in APPPATH\Controllers\Rombel.php on line 94.
 1 APPPATH\Controllers\Rombel.php(94): CodeIgniter\Debug\Exceptions->errorHandler(2, 'Trying to access array offset on value of type null', 'APPPATH\\Controllers\\Rombel.php', 94)
 2 SYSTEMPATH\CodeIgniter.php(896): App\Controllers\Rombel->detail_rombel('assets', 'css', 'bootstrap.css')
 3 SYSTEMPATH\CodeIgniter.php(466): CodeIgniter\CodeIgniter->runController(Object(App\Controllers\Rombel))
 4 SYSTEMPATH\CodeIgniter.php(349): CodeIgniter\CodeIgniter->handleRequest(null, Object(Config\Cache), false)
 5 FCPATH\index.php(55): CodeIgniter\CodeIgniter->run()
CRITICAL - 2022-12-07 20:17:17 --> Trying to access array offset on value of type null
in APPPATH\Controllers\Rombel.php on line 94.
 1 APPPATH\Controllers\Rombel.php(94): CodeIgniter\Debug\Exceptions->errorHandler(2, 'Trying to access array offset on value of type null', 'APPPATH\\Controllers\\Rombel.php', 94)
 2 SYSTEMPATH\CodeIgniter.php(896): App\Controllers\Rombel->detail_rombel('assets', 'js', 'jquery.js')
 3 SYSTEMPATH\CodeIgniter.php(466): CodeIgniter\CodeIgniter->runController(Object(App\Controllers\Rombel))
 4 SYSTEMPATH\CodeIgniter.php(349): CodeIgniter\CodeIgniter->handleRequest(null, Object(Config\Cache), false)
 5 FCPATH\index.php(55): CodeIgniter\CodeIgniter->run()
CRITICAL - 2022-12-07 20:17:17 --> Trying to access array offset on value of type null
in APPPATH\Controllers\Rombel.php on line 94.
 1 APPPATH\Controllers\Rombel.php(94): CodeIgniter\Debug\Exceptions->errorHandler(2, 'Trying to access array offset on value of type null', 'APPPATH\\Controllers\\Rombel.php', 94)
 2 SYSTEMPATH\CodeIgniter.php(896): App\Controllers\Rombel->detail_rombel('assets', 'js', 'bootstrap.js')
 3 SYSTEMPATH\CodeIgniter.php(466): CodeIgniter\CodeIgniter->runController(Object(App\Controllers\Rombel))
 4 SYSTEMPATH\CodeIgniter.php(349): CodeIgniter\CodeIgniter->handleRequest(null, Object(Config\Cache), false)
 5 FCPATH\index.php(55): CodeIgniter\CodeIgniter->run()
CRITICAL - 2022-12-07 20:17:17 --> Trying to access array offset on value of type null
in APPPATH\Controllers\Rombel.php on line 94.
 1 APPPATH\Controllers\Rombel.php(94): CodeIgniter\Debug\Exceptions->errorHandler(2, 'Trying to access array offset on value of type null', 'APPPATH\\Controllers\\Rombel.php', 94)
 2 SYSTEMPATH\CodeIgniter.php(896): App\Controllers\Rombel->detail_rombel('js', 'bootstrap.min.js')
 3 SYSTEMPATH\CodeIgniter.php(466): CodeIgniter\CodeIgniter->runController(Object(App\Controllers\Rombel))
 4 SYSTEMPATH\CodeIgniter.php(349): CodeIgniter\CodeIgniter->handleRequest(null, Object(Config\Cache), false)
 5 FCPATH\index.php(55): CodeIgniter\CodeIgniter->run()
