CRITICAL - 2023-01-30 20:46:24 --> Invalid file: admin/fots/v_immport.php
in SYSTEMPATH\Exceptions\FrameworkException.php on line 33.
 1 SYSTEMPATH\View\View.php(201): CodeIgniter\Exceptions\FrameworkException::forInvalidFile('admin/fots/v_immport.php')
 2 SYSTEMPATH\Common.php(1135): CodeIgniter\View\View->render('admin/fots/v_immport', [], true)
 3 APPPATH\Views\layout\v_content.php(3): view('admin/fots/v_immport')
 4 SYSTEMPATH\View\View.php(213): include('APPPATH\\Views\\layout\\v_content.php')
 5 SYSTEMPATH\View\View.php(216): CodeIgniter\View\View->CodeIgniter\View\{closure}()
 6 SYSTEMPATH\Common.php(1135): CodeIgniter\View\View->render('layout/v_content', [], true)
 7 APPPATH\Views\layout\v_wrapper.php(6): view('layout/v_content')
 8 SYSTEMPATH\View\View.php(213): include('APPPATH\\Views\\layout\\v_wrapper.php')
 9 SYSTEMPATH\View\View.php(216): CodeIgniter\View\View->CodeIgniter\View\{closure}()
10 SYSTEMPATH\Common.php(1135): CodeIgniter\View\View->render('layout/v_wrapper', [], true)
11 APPPATH\Controllers\Fots.php(174): view('layout/v_wrapper', [...])
12 SYSTEMPATH\CodeIgniter.php(896): App\Controllers\Fots->import()
13 SYSTEMPATH\CodeIgniter.php(466): CodeIgniter\CodeIgniter->runController(Object(App\Controllers\Fots))
14 SYSTEMPATH\CodeIgniter.php(349): CodeIgniter\CodeIgniter->handleRequest(null, Object(Config\Cache), false)
15 FCPATH\index.php(55): CodeIgniter\CodeIgniter->run()
CRITICAL - 2023-01-30 20:46:33 --> Invalid file: admin/fots/v_immport.php
in SYSTEMPATH\Exceptions\FrameworkException.php on line 33.
 1 SYSTEMPATH\View\View.php(201): CodeIgniter\Exceptions\FrameworkException::forInvalidFile('admin/fots/v_immport.php')
 2 SYSTEMPATH\Common.php(1135): CodeIgniter\View\View->render('admin/fots/v_immport', [], true)
 3 APPPATH\Views\layout\v_content.php(3): view('admin/fots/v_immport')
 4 SYSTEMPATH\View\View.php(213): include('APPPATH\\Views\\layout\\v_content.php')
 5 SYSTEMPATH\View\View.php(216): CodeIgniter\View\View->CodeIgniter\View\{closure}()
 6 SYSTEMPATH\Common.php(1135): CodeIgniter\View\View->render('layout/v_content', [], true)
 7 APPPATH\Views\layout\v_wrapper.php(6): view('layout/v_content')
 8 SYSTEMPATH\View\View.php(213): include('APPPATH\\Views\\layout\\v_wrapper.php')
 9 SYSTEMPATH\View\View.php(216): CodeIgniter\View\View->CodeIgniter\View\{closure}()
10 SYSTEMPATH\Common.php(1135): CodeIgniter\View\View->render('layout/v_wrapper', [], true)
11 APPPATH\Controllers\Fots.php(174): view('layout/v_wrapper', [...])
12 SYSTEMPATH\CodeIgniter.php(896): App\Controllers\Fots->import()
13 SYSTEMPATH\CodeIgniter.php(466): CodeIgniter\CodeIgniter->runController(Object(App\Controllers\Fots))
14 SYSTEMPATH\CodeIgniter.php(349): CodeIgniter\CodeIgniter->handleRequest(null, Object(Config\Cache), false)
15 FCPATH\index.php(55): CodeIgniter\CodeIgniter->run()
