CRITICAL - 2023-01-24 00:34:56 --> Undefined property: App\Controllers\Fots::$ModelSiswa
in APPPATH\Controllers\Fots.php on line 92.
 1 APPPATH\Controllers\Fots.php(92): CodeIgniter\Debug\Exceptions->errorHandler(2, 'Undefined property: App\\Controllers\\Fots::$ModelSiswa', 'APPPATH\\Controllers\\Fots.php', 92)
 2 SYSTEMPATH\CodeIgniter.php(896): App\Controllers\Fots->insert()
 3 SYSTEMPATH\CodeIgniter.php(466): CodeIgniter\CodeIgniter->runController(Object(App\Controllers\Fots))
 4 SYSTEMPATH\CodeIgniter.php(349): CodeIgniter\CodeIgniter->handleRequest(null, Object(Config\Cache), false)
 5 FCPATH\index.php(55): CodeIgniter\CodeIgniter->run()
CRITICAL - 2023-01-24 00:36:26 --> Undefined property: App\Controllers\Fots::$ModelKelas
in APPPATH\Controllers\Fots.php on line 107.
 1 APPPATH\Controllers\Fots.php(107): CodeIgniter\Debug\Exceptions->errorHandler(2, 'Undefined property: App\\Controllers\\Fots::$ModelKelas', 'APPPATH\\Controllers\\Fots.php', 107)
 2 SYSTEMPATH\CodeIgniter.php(896): App\Controllers\Fots->edit('1')
 3 SYSTEMPATH\CodeIgniter.php(466): CodeIgniter\CodeIgniter->runController(Object(App\Controllers\Fots))
 4 SYSTEMPATH\CodeIgniter.php(349): CodeIgniter\CodeIgniter->handleRequest(null, Object(Config\Cache), false)
 5 FCPATH\index.php(55): CodeIgniter\CodeIgniter->run()
CRITICAL - 2023-01-24 00:36:31 --> Undefined property: App\Controllers\Fots::$ModelSiswa
in APPPATH\Controllers\Fots.php on line 198.
 1 APPPATH\Controllers\Fots.php(198): CodeIgniter\Debug\Exceptions->errorHandler(2, 'Undefined property: App\\Controllers\\Fots::$ModelSiswa', 'APPPATH\\Controllers\\Fots.php', 198)
 2 SYSTEMPATH\CodeIgniter.php(896): App\Controllers\Fots->delete('1')
 3 SYSTEMPATH\CodeIgniter.php(466): CodeIgniter\CodeIgniter->runController(Object(App\Controllers\Fots))
 4 SYSTEMPATH\CodeIgniter.php(349): CodeIgniter\CodeIgniter->handleRequest(null, Object(Config\Cache), false)
 5 FCPATH\index.php(55): CodeIgniter\CodeIgniter->run()
CRITICAL - 2023-01-24 00:39:57 --> Undefined variable $jml_payroll
in APPPATH\Views\v_admin.php on line 36.
 1 APPPATH\Views\v_admin.php(36): CodeIgniter\Debug\Exceptions->errorHandler(2, 'Undefined variable $jml_payroll', 'APPPATH\\Views\\v_admin.php', 36)
 2 SYSTEMPATH\View\View.php(213): include('APPPATH\\Views\\v_admin.php')
 3 SYSTEMPATH\View\View.php(216): CodeIgniter\View\View->CodeIgniter\View\{closure}()
 4 SYSTEMPATH\Common.php(1135): CodeIgniter\View\View->render('v_admin', [], true)
 5 APPPATH\Views\layout\v_content.php(3): view('v_admin')
 6 SYSTEMPATH\View\View.php(213): include('APPPATH\\Views\\layout\\v_content.php')
 7 SYSTEMPATH\View\View.php(216): CodeIgniter\View\View->CodeIgniter\View\{closure}()
 8 SYSTEMPATH\Common.php(1135): CodeIgniter\View\View->render('layout/v_content', [], true)
 9 APPPATH\Views\layout\v_wrapper.php(6): view('layout/v_content')
10 SYSTEMPATH\View\View.php(213): include('APPPATH\\Views\\layout\\v_wrapper.php')
11 SYSTEMPATH\View\View.php(216): CodeIgniter\View\View->CodeIgniter\View\{closure}()
12 SYSTEMPATH\Common.php(1135): CodeIgniter\View\View->render('layout/v_wrapper', [], true)
13 APPPATH\Controllers\Admin.php(27): view('layout/v_wrapper', [...])
14 SYSTEMPATH\CodeIgniter.php(896): App\Controllers\Admin->index()
15 SYSTEMPATH\CodeIgniter.php(466): CodeIgniter\CodeIgniter->runController(Object(App\Controllers\Admin))
16 SYSTEMPATH\CodeIgniter.php(349): CodeIgniter\CodeIgniter->handleRequest(null, Object(Config\Cache), false)
17 FCPATH\index.php(55): CodeIgniter\CodeIgniter->run()
CRITICAL - 2023-01-24 00:42:39 --> Undefined variable $jml_payroll
in APPPATH\Views\admin\payroll\v_index.php on line 8.
 1 APPPATH\Views\admin\payroll\v_index.php(8): CodeIgniter\Debug\Exceptions->errorHandler(2, 'Undefined variable $jml_payroll', 'APPPATH\\Views\\admin\\payroll\\v_index.php', 8)
 2 SYSTEMPATH\View\View.php(213): include('APPPATH\\Views\\admin\\payroll\\v_index.php')
 3 SYSTEMPATH\View\View.php(216): CodeIgniter\View\View->CodeIgniter\View\{closure}()
 4 SYSTEMPATH\Common.php(1135): CodeIgniter\View\View->render('admin/payroll/v_index', [], true)
 5 APPPATH\Views\layout\v_content.php(3): view('admin/payroll/v_index')
 6 SYSTEMPATH\View\View.php(213): include('APPPATH\\Views\\layout\\v_content.php')
 7 SYSTEMPATH\View\View.php(216): CodeIgniter\View\View->CodeIgniter\View\{closure}()
 8 SYSTEMPATH\Common.php(1135): CodeIgniter\View\View->render('layout/v_content', [], true)
 9 APPPATH\Views\layout\v_wrapper.php(6): view('layout/v_content')
10 SYSTEMPATH\View\View.php(213): include('APPPATH\\Views\\layout\\v_wrapper.php')
11 SYSTEMPATH\View\View.php(216): CodeIgniter\View\View->CodeIgniter\View\{closure}()
12 SYSTEMPATH\Common.php(1135): CodeIgniter\View\View->render('layout/v_wrapper', [], true)
13 APPPATH\Controllers\Payroll.php(25): view('layout/v_wrapper', [...])
14 SYSTEMPATH\CodeIgniter.php(896): App\Controllers\Payroll->index()
15 SYSTEMPATH\CodeIgniter.php(466): CodeIgniter\CodeIgniter->runController(Object(App\Controllers\Payroll))
16 SYSTEMPATH\CodeIgniter.php(349): CodeIgniter\CodeIgniter->handleRequest(null, Object(Config\Cache), false)
17 FCPATH\index.php(55): CodeIgniter\CodeIgniter->run()
CRITICAL - 2023-01-24 00:43:54 --> Undefined variable $jml_payroll
in APPPATH\Views\admin\payroll\v_index.php on line 8.
 1 APPPATH\Views\admin\payroll\v_index.php(8): CodeIgniter\Debug\Exceptions->errorHandler(2, 'Undefined variable $jml_payroll', 'APPPATH\\Views\\admin\\payroll\\v_index.php', 8)
 2 SYSTEMPATH\View\View.php(213): include('APPPATH\\Views\\admin\\payroll\\v_index.php')
 3 SYSTEMPATH\View\View.php(216): CodeIgniter\View\View->CodeIgniter\View\{closure}()
 4 SYSTEMPATH\Common.php(1135): CodeIgniter\View\View->render('admin/payroll/v_index', [], true)
 5 APPPATH\Views\layout\v_content.php(3): view('admin/payroll/v_index')
 6 SYSTEMPATH\View\View.php(213): include('APPPATH\\Views\\layout\\v_content.php')
 7 SYSTEMPATH\View\View.php(216): CodeIgniter\View\View->CodeIgniter\View\{closure}()
 8 SYSTEMPATH\Common.php(1135): CodeIgniter\View\View->render('layout/v_content', [], true)
 9 APPPATH\Views\layout\v_wrapper.php(6): view('layout/v_content')
10 SYSTEMPATH\View\View.php(213): include('APPPATH\\Views\\layout\\v_wrapper.php')
11 SYSTEMPATH\View\View.php(216): CodeIgniter\View\View->CodeIgniter\View\{closure}()
12 SYSTEMPATH\Common.php(1135): CodeIgniter\View\View->render('layout/v_wrapper', [], true)
13 APPPATH\Controllers\Payroll.php(25): view('layout/v_wrapper', [...])
14 SYSTEMPATH\CodeIgniter.php(896): App\Controllers\Payroll->index()
15 SYSTEMPATH\CodeIgniter.php(466): CodeIgniter\CodeIgniter->runController(Object(App\Controllers\Payroll))
16 SYSTEMPATH\CodeIgniter.php(349): CodeIgniter\CodeIgniter->handleRequest(null, Object(Config\Cache), false)
17 FCPATH\index.php(55): CodeIgniter\CodeIgniter->run()
CRITICAL - 2023-01-24 00:55:34 --> Undefined variable $tenor
in APPPATH\Controllers\Fots.php on line 80.
 1 APPPATH\Controllers\Fots.php(80): CodeIgniter\Debug\Exceptions->errorHandler(2, 'Undefined variable $tenor', 'APPPATH\\Controllers\\Fots.php', 80)
 2 SYSTEMPATH\CodeIgniter.php(896): App\Controllers\Fots->insert()
 3 SYSTEMPATH\CodeIgniter.php(466): CodeIgniter\CodeIgniter->runController(Object(App\Controllers\Fots))
 4 SYSTEMPATH\CodeIgniter.php(349): CodeIgniter\CodeIgniter->handleRequest(null, Object(Config\Cache), false)
 5 FCPATH\index.php(55): CodeIgniter\CodeIgniter->run()
CRITICAL - 2023-01-24 00:56:17 --> syntax error, unexpected token ";", expecting ")"
in APPPATH\Controllers\Fots.php on line 93.
 1 SYSTEMPATH\Router\Router.php(499): CodeIgniter\Router\AutoRouter->getRoute('fots/add')
 2 SYSTEMPATH\Router\Router.php(205): CodeIgniter\Router\Router->autoRoute('fots/add')
 3 SYSTEMPATH\CodeIgniter.php(771): CodeIgniter\Router\Router->handle('fots/add')
 4 SYSTEMPATH\CodeIgniter.php(415): CodeIgniter\CodeIgniter->tryToRouteIt(Object(CodeIgniter\Router\RouteCollection))
 5 SYSTEMPATH\CodeIgniter.php(349): CodeIgniter\CodeIgniter->handleRequest(null, Object(Config\Cache), false)
 6 FCPATH\index.php(55): CodeIgniter\CodeIgniter->run()
CRITICAL - 2023-01-24 00:56:24 --> syntax error, unexpected token ";", expecting ")"
in APPPATH\Controllers\Fots.php on line 93.
 1 SYSTEMPATH\Router\Router.php(499): CodeIgniter\Router\AutoRouter->getRoute('fots/insert')
 2 SYSTEMPATH\Router\Router.php(205): CodeIgniter\Router\Router->autoRoute('fots/insert')
 3 SYSTEMPATH\CodeIgniter.php(771): CodeIgniter\Router\Router->handle('fots/insert')
 4 SYSTEMPATH\CodeIgniter.php(415): CodeIgniter\CodeIgniter->tryToRouteIt(Object(CodeIgniter\Router\RouteCollection))
 5 SYSTEMPATH\CodeIgniter.php(349): CodeIgniter\CodeIgniter->handleRequest(null, Object(Config\Cache), false)
 6 FCPATH\index.php(55): CodeIgniter\CodeIgniter->run()
CRITICAL - 2023-01-24 00:57:06 --> syntax error, unexpected token ";", expecting ")"
in APPPATH\Controllers\Fots.php on line 93.
 1 SYSTEMPATH\Router\Router.php(499): CodeIgniter\Router\AutoRouter->getRoute('fots/insert')
 2 SYSTEMPATH\Router\Router.php(205): CodeIgniter\Router\Router->autoRoute('fots/insert')
 3 SYSTEMPATH\CodeIgniter.php(771): CodeIgniter\Router\Router->handle('fots/insert')
 4 SYSTEMPATH\CodeIgniter.php(415): CodeIgniter\CodeIgniter->tryToRouteIt(Object(CodeIgniter\Router\RouteCollection))
 5 SYSTEMPATH\CodeIgniter.php(349): CodeIgniter\CodeIgniter->handleRequest(null, Object(Config\Cache), false)
 6 FCPATH\index.php(55): CodeIgniter\CodeIgniter->run()
CRITICAL - 2023-01-24 00:57:27 --> Undefined property: App\Controllers\Fots::$ModelSiswa
in APPPATH\Controllers\Fots.php on line 202.
 1 APPPATH\Controllers\Fots.php(202): CodeIgniter\Debug\Exceptions->errorHandler(2, 'Undefined property: App\\Controllers\\Fots::$ModelSiswa', 'APPPATH\\Controllers\\Fots.php', 202)
 2 SYSTEMPATH\CodeIgniter.php(896): App\Controllers\Fots->delete('2')
 3 SYSTEMPATH\CodeIgniter.php(466): CodeIgniter\CodeIgniter->runController(Object(App\Controllers\Fots))
 4 SYSTEMPATH\CodeIgniter.php(349): CodeIgniter\CodeIgniter->handleRequest(null, Object(Config\Cache), false)
 5 FCPATH\index.php(55): CodeIgniter\CodeIgniter->run()
CRITICAL - 2023-01-24 01:09:57 --> Undefined variable $pinjaman
in APPPATH\Controllers\Fots.php on line 81.
 1 APPPATH\Controllers\Fots.php(81): CodeIgniter\Debug\Exceptions->errorHandler(2, 'Undefined variable $pinjaman', 'APPPATH\\Controllers\\Fots.php', 81)
 2 SYSTEMPATH\CodeIgniter.php(896): App\Controllers\Fots->insert()
 3 SYSTEMPATH\CodeIgniter.php(466): CodeIgniter\CodeIgniter->runController(Object(App\Controllers\Fots))
 4 SYSTEMPATH\CodeIgniter.php(349): CodeIgniter\CodeIgniter->handleRequest(null, Object(Config\Cache), false)
 5 FCPATH\index.php(55): CodeIgniter\CodeIgniter->run()
CRITICAL - 2023-01-24 01:10:57 --> Undefined variable $pinjaman
in APPPATH\Controllers\Fots.php on line 81.
 1 APPPATH\Controllers\Fots.php(81): CodeIgniter\Debug\Exceptions->errorHandler(2, 'Undefined variable $pinjaman', 'APPPATH\\Controllers\\Fots.php', 81)
 2 SYSTEMPATH\CodeIgniter.php(896): App\Controllers\Fots->insert()
 3 SYSTEMPATH\CodeIgniter.php(466): CodeIgniter\CodeIgniter->runController(Object(App\Controllers\Fots))
 4 SYSTEMPATH\CodeIgniter.php(349): CodeIgniter\CodeIgniter->handleRequest(null, Object(Config\Cache), false)
 5 FCPATH\index.php(55): CodeIgniter\CodeIgniter->run()
CRITICAL - 2023-01-24 01:11:01 --> Undefined variable $pinjaman
in APPPATH\Controllers\Fots.php on line 81.
 1 APPPATH\Controllers\Fots.php(81): CodeIgniter\Debug\Exceptions->errorHandler(2, 'Undefined variable $pinjaman', 'APPPATH\\Controllers\\Fots.php', 81)
 2 SYSTEMPATH\CodeIgniter.php(896): App\Controllers\Fots->insert()
 3 SYSTEMPATH\CodeIgniter.php(466): CodeIgniter\CodeIgniter->runController(Object(App\Controllers\Fots))
 4 SYSTEMPATH\CodeIgniter.php(349): CodeIgniter\CodeIgniter->handleRequest(null, Object(Config\Cache), false)
 5 FCPATH\index.php(55): CodeIgniter\CodeIgniter->run()
CRITICAL - 2023-01-24 01:11:04 --> Undefined variable $pinjaman
in APPPATH\Controllers\Fots.php on line 81.
 1 APPPATH\Controllers\Fots.php(81): CodeIgniter\Debug\Exceptions->errorHandler(2, 'Undefined variable $pinjaman', 'APPPATH\\Controllers\\Fots.php', 81)
 2 SYSTEMPATH\CodeIgniter.php(896): App\Controllers\Fots->insert()
 3 SYSTEMPATH\CodeIgniter.php(466): CodeIgniter\CodeIgniter->runController(Object(App\Controllers\Fots))
 4 SYSTEMPATH\CodeIgniter.php(349): CodeIgniter\CodeIgniter->handleRequest(null, Object(Config\Cache), false)
 5 FCPATH\index.php(55): CodeIgniter\CodeIgniter->run()
CRITICAL - 2023-01-24 01:11:25 --> Undefined variable $pinjaman
in APPPATH\Controllers\Fots.php on line 112.
 1 APPPATH\Controllers\Fots.php(112): CodeIgniter\Debug\Exceptions->errorHandler(2, 'Undefined variable $pinjaman', 'APPPATH\\Controllers\\Fots.php', 112)
 2 SYSTEMPATH\CodeIgniter.php(896): App\Controllers\Fots->insert()
 3 SYSTEMPATH\CodeIgniter.php(466): CodeIgniter\CodeIgniter->runController(Object(App\Controllers\Fots))
 4 SYSTEMPATH\CodeIgniter.php(349): CodeIgniter\CodeIgniter->handleRequest(null, Object(Config\Cache), false)
 5 FCPATH\index.php(55): CodeIgniter\CodeIgniter->run()
CRITICAL - 2023-01-24 01:11:42 --> Undefined variable $pinjaman
in APPPATH\Controllers\Fots.php on line 81.
 1 APPPATH\Controllers\Fots.php(81): CodeIgniter\Debug\Exceptions->errorHandler(2, 'Undefined variable $pinjaman', 'APPPATH\\Controllers\\Fots.php', 81)
 2 SYSTEMPATH\CodeIgniter.php(896): App\Controllers\Fots->insert()
 3 SYSTEMPATH\CodeIgniter.php(466): CodeIgniter\CodeIgniter->runController(Object(App\Controllers\Fots))
 4 SYSTEMPATH\CodeIgniter.php(349): CodeIgniter\CodeIgniter->handleRequest(null, Object(Config\Cache), false)
 5 FCPATH\index.php(55): CodeIgniter\CodeIgniter->run()
CRITICAL - 2023-01-24 01:13:36 --> syntax error, unexpected token ";", expecting ")"
in APPPATH\Controllers\Fots.php on line 84.
 1 SYSTEMPATH\Router\Router.php(499): CodeIgniter\Router\AutoRouter->getRoute('fots/insert')
 2 SYSTEMPATH\Router\Router.php(205): CodeIgniter\Router\Router->autoRoute('fots/insert')
 3 SYSTEMPATH\CodeIgniter.php(771): CodeIgniter\Router\Router->handle('fots/insert')
 4 SYSTEMPATH\CodeIgniter.php(415): CodeIgniter\CodeIgniter->tryToRouteIt(Object(CodeIgniter\Router\RouteCollection))
 5 SYSTEMPATH\CodeIgniter.php(349): CodeIgniter\CodeIgniter->handleRequest(null, Object(Config\Cache), false)
 6 FCPATH\index.php(55): CodeIgniter\CodeIgniter->run()
CRITICAL - 2023-01-24 01:14:14 --> Undefined variable $pinjaman
in APPPATH\Controllers\Fots.php on line 101.
 1 APPPATH\Controllers\Fots.php(101): CodeIgniter\Debug\Exceptions->errorHandler(2, 'Undefined variable $pinjaman', 'APPPATH\\Controllers\\Fots.php', 101)
 2 SYSTEMPATH\CodeIgniter.php(896): App\Controllers\Fots->insert()
 3 SYSTEMPATH\CodeIgniter.php(466): CodeIgniter\CodeIgniter->runController(Object(App\Controllers\Fots))
 4 SYSTEMPATH\CodeIgniter.php(349): CodeIgniter\CodeIgniter->handleRequest(null, Object(Config\Cache), false)
 5 FCPATH\index.php(55): CodeIgniter\CodeIgniter->run()
ERROR - 2023-01-24 01:15:07 --> Column 'tgl_selesai' cannot be null
CRITICAL - 2023-01-24 01:15:07 --> Column 'tgl_selesai' cannot be null
in SYSTEMPATH\Database\MySQLi\Connection.php on line 292.
 1 SYSTEMPATH\Database\MySQLi\Connection.php(292): mysqli->query('INSERT INTO `data-fots` (`nik`, `nama`, `divisi`, `gol`, `tgl_pinjaman`, `tgl_selesai`, `pinjaman`, `adm`, `tenor`, `tenor_jalan`, `bunga`, `cicilan`) VALUES (\'2020/I/19\', \'usman\', \'Marketing\', \'HO\', \'2023-01-07\', NULL, \'10000000\', \'100000\', \'6\', NULL, \'40\', NULL)', 0)
 2 SYSTEMPATH\Database\BaseConnection.php(695): CodeIgniter\Database\MySQLi\Connection->execute('INSERT INTO `data-fots` (`nik`, `nama`, `divisi`, `gol`, `tgl_pinjaman`, `tgl_selesai`, `pinjaman`, `adm`, `tenor`, `tenor_jalan`, `bunga`, `cicilan`) VALUES (\'2020/I/19\', \'usman\', \'Marketing\', \'HO\', \'2023-01-07\', NULL, \'10000000\', \'100000\', \'6\', NULL, \'40\', NULL)')
 3 SYSTEMPATH\Database\BaseConnection.php(609): CodeIgniter\Database\BaseConnection->simpleQuery('INSERT INTO `data-fots` (`nik`, `nama`, `divisi`, `gol`, `tgl_pinjaman`, `tgl_selesai`, `pinjaman`, `adm`, `tenor`, `tenor_jalan`, `bunga`, `cicilan`) VALUES (\'2020/I/19\', \'usman\', \'Marketing\', \'HO\', \'2023-01-07\', NULL, \'10000000\', \'100000\', \'6\', NULL, \'40\', NULL)')
 4 SYSTEMPATH\Database\BaseBuilder.php(1904): CodeIgniter\Database\BaseConnection->query('INSERT INTO `data-fots` (`nik`, `nama`, `divisi`, `gol`, `tgl_pinjaman`, `tgl_selesai`, `pinjaman`, `adm`, `tenor`, `tenor_jalan`, `bunga`, `cicilan`) VALUES (:nik:, :nama:, :divisi:, :gol:, :tgl_pinjaman:, :tgl_selesai:, :pinjaman:, :adm:, :tenor:, :tenor_jalan:, :bunga:, :cicilan:)', [...], false)
 5 APPPATH\Models\ModelFots.php(18): CodeIgniter\Database\BaseBuilder->insert([...])
 6 APPPATH\Controllers\Fots.php(99): App\Models\ModelFots->add([...])
 7 SYSTEMPATH\CodeIgniter.php(896): App\Controllers\Fots->insert()
 8 SYSTEMPATH\CodeIgniter.php(466): CodeIgniter\CodeIgniter->runController(Object(App\Controllers\Fots))
 9 SYSTEMPATH\CodeIgniter.php(349): CodeIgniter\CodeIgniter->handleRequest(null, Object(Config\Cache), false)
10 FCPATH\index.php(55): CodeIgniter\CodeIgniter->run()
ERROR - 2023-01-24 01:17:29 --> Column 'tgl_selesai' cannot be null
CRITICAL - 2023-01-24 01:17:29 --> Column 'tgl_selesai' cannot be null
in SYSTEMPATH\Database\MySQLi\Connection.php on line 292.
 1 SYSTEMPATH\Database\MySQLi\Connection.php(292): mysqli->query('INSERT INTO `data-fots` (`nik`, `nama`, `divisi`, `gol`, `tgl_pinjaman`, `tgl_selesai`, `pinjaman`, `adm`, `tenor`, `tenor_jalan`, `bunga`, `cicilan`) VALUES (\'2020/I/19\', \'usman\', \'Marketing\', \'HO\', \'2023-01-07\', NULL, \'10000000\', \'100000\', \'6\', NULL, \'40\', NULL)', 0)
 2 SYSTEMPATH\Database\BaseConnection.php(695): CodeIgniter\Database\MySQLi\Connection->execute('INSERT INTO `data-fots` (`nik`, `nama`, `divisi`, `gol`, `tgl_pinjaman`, `tgl_selesai`, `pinjaman`, `adm`, `tenor`, `tenor_jalan`, `bunga`, `cicilan`) VALUES (\'2020/I/19\', \'usman\', \'Marketing\', \'HO\', \'2023-01-07\', NULL, \'10000000\', \'100000\', \'6\', NULL, \'40\', NULL)')
 3 SYSTEMPATH\Database\BaseConnection.php(609): CodeIgniter\Database\BaseConnection->simpleQuery('INSERT INTO `data-fots` (`nik`, `nama`, `divisi`, `gol`, `tgl_pinjaman`, `tgl_selesai`, `pinjaman`, `adm`, `tenor`, `tenor_jalan`, `bunga`, `cicilan`) VALUES (\'2020/I/19\', \'usman\', \'Marketing\', \'HO\', \'2023-01-07\', NULL, \'10000000\', \'100000\', \'6\', NULL, \'40\', NULL)')
 4 SYSTEMPATH\Database\BaseBuilder.php(1904): CodeIgniter\Database\BaseConnection->query('INSERT INTO `data-fots` (`nik`, `nama`, `divisi`, `gol`, `tgl_pinjaman`, `tgl_selesai`, `pinjaman`, `adm`, `tenor`, `tenor_jalan`, `bunga`, `cicilan`) VALUES (:nik:, :nama:, :divisi:, :gol:, :tgl_pinjaman:, :tgl_selesai:, :pinjaman:, :adm:, :tenor:, :tenor_jalan:, :bunga:, :cicilan:)', [...], false)
 5 APPPATH\Models\ModelFots.php(18): CodeIgniter\Database\BaseBuilder->insert([...])
 6 APPPATH\Controllers\Fots.php(99): App\Models\ModelFots->add([...])
 7 SYSTEMPATH\CodeIgniter.php(896): App\Controllers\Fots->insert()
 8 SYSTEMPATH\CodeIgniter.php(466): CodeIgniter\CodeIgniter->runController(Object(App\Controllers\Fots))
 9 SYSTEMPATH\CodeIgniter.php(349): CodeIgniter\CodeIgniter->handleRequest(null, Object(Config\Cache), false)
10 FCPATH\index.php(55): CodeIgniter\CodeIgniter->run()
CRITICAL - 2023-01-24 01:18:43 --> Undefined variable $tgl_pinjaman
in APPPATH\Controllers\Fots.php on line 98.
 1 APPPATH\Controllers\Fots.php(98): CodeIgniter\Debug\Exceptions->errorHandler(2, 'Undefined variable $tgl_pinjaman', 'APPPATH\\Controllers\\Fots.php', 98)
 2 SYSTEMPATH\CodeIgniter.php(896): App\Controllers\Fots->insert()
 3 SYSTEMPATH\CodeIgniter.php(466): CodeIgniter\CodeIgniter->runController(Object(App\Controllers\Fots))
 4 SYSTEMPATH\CodeIgniter.php(349): CodeIgniter\CodeIgniter->handleRequest(null, Object(Config\Cache), false)
 5 FCPATH\index.php(55): CodeIgniter\CodeIgniter->run()
ERROR - 2023-01-24 01:19:31 --> Column 'tenor_jalan' cannot be null
CRITICAL - 2023-01-24 01:19:31 --> Column 'tenor_jalan' cannot be null
in SYSTEMPATH\Database\MySQLi\Connection.php on line 292.
 1 SYSTEMPATH\Database\MySQLi\Connection.php(292): mysqli->query('INSERT INTO `data-fots` (`nik`, `nama`, `divisi`, `gol`, `tgl_pinjaman`, `pinjaman`, `adm`, `tenor`, `tenor_jalan`, `bunga`, `cicilan`) VALUES (\'2020/I/19\', \'usman\', \'Marketing\', \'HO\', \'2023-01-07\', \'10000000\', \'100000\', \'6\', NULL, \'40\', NULL)', 0)
 2 SYSTEMPATH\Database\BaseConnection.php(695): CodeIgniter\Database\MySQLi\Connection->execute('INSERT INTO `data-fots` (`nik`, `nama`, `divisi`, `gol`, `tgl_pinjaman`, `pinjaman`, `adm`, `tenor`, `tenor_jalan`, `bunga`, `cicilan`) VALUES (\'2020/I/19\', \'usman\', \'Marketing\', \'HO\', \'2023-01-07\', \'10000000\', \'100000\', \'6\', NULL, \'40\', NULL)')
 3 SYSTEMPATH\Database\BaseConnection.php(609): CodeIgniter\Database\BaseConnection->simpleQuery('INSERT INTO `data-fots` (`nik`, `nama`, `divisi`, `gol`, `tgl_pinjaman`, `pinjaman`, `adm`, `tenor`, `tenor_jalan`, `bunga`, `cicilan`) VALUES (\'2020/I/19\', \'usman\', \'Marketing\', \'HO\', \'2023-01-07\', \'10000000\', \'100000\', \'6\', NULL, \'40\', NULL)')
 4 SYSTEMPATH\Database\BaseBuilder.php(1904): CodeIgniter\Database\BaseConnection->query('INSERT INTO `data-fots` (`nik`, `nama`, `divisi`, `gol`, `tgl_pinjaman`, `pinjaman`, `adm`, `tenor`, `tenor_jalan`, `bunga`, `cicilan`) VALUES (:nik:, :nama:, :divisi:, :gol:, :tgl_pinjaman:, :pinjaman:, :adm:, :tenor:, :tenor_jalan:, :bunga:, :cicilan:)', [...], false)
 5 APPPATH\Models\ModelFots.php(18): CodeIgniter\Database\BaseBuilder->insert([...])
 6 APPPATH\Controllers\Fots.php(99): App\Models\ModelFots->add([...])
 7 SYSTEMPATH\CodeIgniter.php(896): App\Controllers\Fots->insert()
 8 SYSTEMPATH\CodeIgniter.php(466): CodeIgniter\CodeIgniter->runController(Object(App\Controllers\Fots))
 9 SYSTEMPATH\CodeIgniter.php(349): CodeIgniter\CodeIgniter->handleRequest(null, Object(Config\Cache), false)
10 FCPATH\index.php(55): CodeIgniter\CodeIgniter->run()
ERROR - 2023-01-24 01:19:42 --> Column 'cicilan' cannot be null
CRITICAL - 2023-01-24 01:19:42 --> Column 'cicilan' cannot be null
in SYSTEMPATH\Database\MySQLi\Connection.php on line 292.
 1 SYSTEMPATH\Database\MySQLi\Connection.php(292): mysqli->query('INSERT INTO `data-fots` (`nik`, `nama`, `divisi`, `gol`, `tgl_pinjaman`, `pinjaman`, `adm`, `tenor`, `bunga`, `cicilan`) VALUES (\'2020/I/19\', \'usman\', \'Marketing\', \'HO\', \'2023-01-07\', \'10000000\', \'100000\', \'6\', \'40\', NULL)', 0)
 2 SYSTEMPATH\Database\BaseConnection.php(695): CodeIgniter\Database\MySQLi\Connection->execute('INSERT INTO `data-fots` (`nik`, `nama`, `divisi`, `gol`, `tgl_pinjaman`, `pinjaman`, `adm`, `tenor`, `bunga`, `cicilan`) VALUES (\'2020/I/19\', \'usman\', \'Marketing\', \'HO\', \'2023-01-07\', \'10000000\', \'100000\', \'6\', \'40\', NULL)')
 3 SYSTEMPATH\Database\BaseConnection.php(609): CodeIgniter\Database\BaseConnection->simpleQuery('INSERT INTO `data-fots` (`nik`, `nama`, `divisi`, `gol`, `tgl_pinjaman`, `pinjaman`, `adm`, `tenor`, `bunga`, `cicilan`) VALUES (\'2020/I/19\', \'usman\', \'Marketing\', \'HO\', \'2023-01-07\', \'10000000\', \'100000\', \'6\', \'40\', NULL)')
 4 SYSTEMPATH\Database\BaseBuilder.php(1904): CodeIgniter\Database\BaseConnection->query('INSERT INTO `data-fots` (`nik`, `nama`, `divisi`, `gol`, `tgl_pinjaman`, `pinjaman`, `adm`, `tenor`, `bunga`, `cicilan`) VALUES (:nik:, :nama:, :divisi:, :gol:, :tgl_pinjaman:, :pinjaman:, :adm:, :tenor:, :bunga:, :cicilan:)', [...], false)
 5 APPPATH\Models\ModelFots.php(18): CodeIgniter\Database\BaseBuilder->insert([...])
 6 APPPATH\Controllers\Fots.php(99): App\Models\ModelFots->add([...])
 7 SYSTEMPATH\CodeIgniter.php(896): App\Controllers\Fots->insert()
 8 SYSTEMPATH\CodeIgniter.php(466): CodeIgniter\CodeIgniter->runController(Object(App\Controllers\Fots))
 9 SYSTEMPATH\CodeIgniter.php(349): CodeIgniter\CodeIgniter->handleRequest(null, Object(Config\Cache), false)
10 FCPATH\index.php(55): CodeIgniter\CodeIgniter->run()
CRITICAL - 2023-01-24 02:06:02 --> Undefined property: App\Controllers\Fots::$ModelKelas
in APPPATH\Controllers\Fots.php on line 114.
 1 APPPATH\Controllers\Fots.php(114): CodeIgniter\Debug\Exceptions->errorHandler(2, 'Undefined property: App\\Controllers\\Fots::$ModelKelas', 'APPPATH\\Controllers\\Fots.php', 114)
 2 SYSTEMPATH\CodeIgniter.php(896): App\Controllers\Fots->edit('1')
 3 SYSTEMPATH\CodeIgniter.php(466): CodeIgniter\CodeIgniter->runController(Object(App\Controllers\Fots))
 4 SYSTEMPATH\CodeIgniter.php(349): CodeIgniter\CodeIgniter->handleRequest(null, Object(Config\Cache), false)
 5 FCPATH\index.php(55): CodeIgniter\CodeIgniter->run()
