CRITICAL - 2022-07-21 05:51:48 --> strpos(): Passing null to parameter #1 ($haystack) of type string is deprecated
in SYSTEMPATH\Debug\Toolbar.php on line 421.
 1 [internal function]: CodeIgniter\Debug\Exceptions->errorHandler(8192, 'strpos(): Passing null to parameter #1 ($haystack) of type string is deprecated', 'SYSTEMPATH\\Debug\\Toolbar.php', 421)
 2 SYSTEMPATH\Debug\Toolbar.php(421): strpos(null, '<head>')
 3 SYSTEMPATH\Filters\DebugToolbar.php(40): CodeIgniter\Debug\Toolbar->prepare(Object(CodeIgniter\HTTP\IncomingRequest), Object(CodeIgniter\HTTP\RedirectResponse))
 4 SYSTEMPATH\Filters\Filters.php(196): CodeIgniter\Filters\DebugToolbar->after(Object(CodeIgniter\HTTP\IncomingRequest), Object(CodeIgniter\HTTP\RedirectResponse), null)
 5 SYSTEMPATH\CodeIgniter.php(483): CodeIgniter\Filters\Filters->run('C:\\', 'after')
 6 SYSTEMPATH\CodeIgniter.php(349): CodeIgniter\CodeIgniter->handleRequest(null, Object(Config\Cache), false)
 7 FCPATH\index.php(55): CodeIgniter\CodeIgniter->run()
CRITICAL - 2022-07-21 05:51:50 --> strpos(): Passing null to parameter #1 ($haystack) of type string is deprecated
in SYSTEMPATH\Debug\Toolbar.php on line 421.
 1 [internal function]: CodeIgniter\Debug\Exceptions->errorHandler(8192, 'strpos(): Passing null to parameter #1 ($haystack) of type string is deprecated', 'SYSTEMPATH\\Debug\\Toolbar.php', 421)
 2 SYSTEMPATH\Debug\Toolbar.php(421): strpos(null, '<head>')
 3 SYSTEMPATH\Filters\DebugToolbar.php(40): CodeIgniter\Debug\Toolbar->prepare(Object(CodeIgniter\HTTP\IncomingRequest), Object(CodeIgniter\HTTP\RedirectResponse))
 4 SYSTEMPATH\Filters\Filters.php(196): CodeIgniter\Filters\DebugToolbar->after(Object(CodeIgniter\HTTP\IncomingRequest), Object(CodeIgniter\HTTP\RedirectResponse), null)
 5 SYSTEMPATH\CodeIgniter.php(483): CodeIgniter\Filters\Filters->run('C:\\', 'after')
 6 SYSTEMPATH\CodeIgniter.php(349): CodeIgniter\CodeIgniter->handleRequest(null, Object(Config\Cache), false)
 7 FCPATH\index.php(55): CodeIgniter\CodeIgniter->run()
CRITICAL - 2022-07-21 05:51:51 --> strpos(): Passing null to parameter #1 ($haystack) of type string is deprecated
in SYSTEMPATH\Debug\Toolbar.php on line 421.
 1 [internal function]: CodeIgniter\Debug\Exceptions->errorHandler(8192, 'strpos(): Passing null to parameter #1 ($haystack) of type string is deprecated', 'SYSTEMPATH\\Debug\\Toolbar.php', 421)
 2 SYSTEMPATH\Debug\Toolbar.php(421): strpos(null, '<head>')
 3 SYSTEMPATH\Filters\DebugToolbar.php(40): CodeIgniter\Debug\Toolbar->prepare(Object(CodeIgniter\HTTP\IncomingRequest), Object(CodeIgniter\HTTP\RedirectResponse))
 4 SYSTEMPATH\Filters\Filters.php(196): CodeIgniter\Filters\DebugToolbar->after(Object(CodeIgniter\HTTP\IncomingRequest), Object(CodeIgniter\HTTP\RedirectResponse), null)
 5 SYSTEMPATH\CodeIgniter.php(483): CodeIgniter\Filters\Filters->run('C:\\', 'after')
 6 SYSTEMPATH\CodeIgniter.php(349): CodeIgniter\CodeIgniter->handleRequest(null, Object(Config\Cache), false)
 7 FCPATH\index.php(55): CodeIgniter\CodeIgniter->run()
CRITICAL - 2022-07-21 05:52:02 --> strpos(): Passing null to parameter #1 ($haystack) of type string is deprecated
in SYSTEMPATH\Debug\Toolbar.php on line 421.
 1 [internal function]: CodeIgniter\Debug\Exceptions->errorHandler(8192, 'strpos(): Passing null to parameter #1 ($haystack) of type string is deprecated', 'SYSTEMPATH\\Debug\\Toolbar.php', 421)
 2 SYSTEMPATH\Debug\Toolbar.php(421): strpos(null, '<head>')
 3 SYSTEMPATH\Filters\DebugToolbar.php(40): CodeIgniter\Debug\Toolbar->prepare(Object(CodeIgniter\HTTP\IncomingRequest), Object(CodeIgniter\HTTP\RedirectResponse))
 4 SYSTEMPATH\Filters\Filters.php(196): CodeIgniter\Filters\DebugToolbar->after(Object(CodeIgniter\HTTP\IncomingRequest), Object(CodeIgniter\HTTP\RedirectResponse), null)
 5 SYSTEMPATH\CodeIgniter.php(483): CodeIgniter\Filters\Filters->run('C:\\', 'after')
 6 SYSTEMPATH\CodeIgniter.php(349): CodeIgniter\CodeIgniter->handleRequest(null, Object(Config\Cache), false)
 7 FCPATH\index.php(55): CodeIgniter\CodeIgniter->run()
CRITICAL - 2022-07-21 05:55:58 --> strpos(): Passing null to parameter #1 ($haystack) of type string is deprecated
in SYSTEMPATH\Debug\Toolbar.php on line 421.
 1 [internal function]: CodeIgniter\Debug\Exceptions->errorHandler(8192, 'strpos(): Passing null to parameter #1 ($haystack) of type string is deprecated', 'SYSTEMPATH\\Debug\\Toolbar.php', 421)
 2 SYSTEMPATH\Debug\Toolbar.php(421): strpos(null, '<head>')
 3 SYSTEMPATH\Filters\DebugToolbar.php(40): CodeIgniter\Debug\Toolbar->prepare(Object(CodeIgniter\HTTP\IncomingRequest), Object(CodeIgniter\HTTP\RedirectResponse))
 4 SYSTEMPATH\Filters\Filters.php(196): CodeIgniter\Filters\DebugToolbar->after(Object(CodeIgniter\HTTP\IncomingRequest), Object(CodeIgniter\HTTP\RedirectResponse), null)
 5 SYSTEMPATH\CodeIgniter.php(483): CodeIgniter\Filters\Filters->run('home', 'after')
 6 SYSTEMPATH\CodeIgniter.php(349): CodeIgniter\CodeIgniter->handleRequest(null, Object(Config\Cache), false)
 7 FCPATH\index.php(55): CodeIgniter\CodeIgniter->run()
CRITICAL - 2022-07-21 06:43:49 --> Too few arguments to function App\Controllers\Kelas::edit(), 0 passed in C:\xampp\htdocs\sistembelajar\vendor\codeigniter4\framework\system\CodeIgniter.php on line 896 and exactly 1 expected
in APPPATH\Controllers\kelas.php on line 34.
 1 SYSTEMPATH\CodeIgniter.php(896): App\Controllers\Kelas->edit()
 2 SYSTEMPATH\CodeIgniter.php(466): CodeIgniter\CodeIgniter->runController(Object(App\Controllers\Kelas))
 3 SYSTEMPATH\CodeIgniter.php(349): CodeIgniter\CodeIgniter->handleRequest(null, Object(Config\Cache), false)
 4 FCPATH\index.php(55): CodeIgniter\CodeIgniter->run()
CRITICAL - 2022-07-21 09:08:28 --> Declaration of App\Models\ModelKelas::delete($data) must be compatible with CodeIgniter\BaseModel::delete($id = null, bool $purge = false)
in APPPATH\Models\ModelKelas.php on line 27.
 1 [internal function]: CodeIgniter\Debug\Exceptions->shutdownHandler()
