CRITICAL - 2022-08-07 00:32:03 --> Call to undefined function form_open()
in APPPATH\Views\admin\mapel\v_add.php on line 12.
 1 SYSTEMPATH\View\View.php(213): include()
 2 SYSTEMPATH\View\View.php(216): CodeIgniter\View\View->CodeIgniter\View\{closure}()
 3 SYSTEMPATH\Common.php(1135): CodeIgniter\View\View->render('admin/mapel/v_add', [], true)
 4 APPPATH\Views\layout\v_content.php(3): view('admin/mapel/v_add')
 5 SYSTEMPATH\View\View.php(213): include('APPPATH\\Views\\layout\\v_content.php')
 6 SYSTEMPATH\View\View.php(216): CodeIgniter\View\View->CodeIgniter\View\{closure}()
 7 SYSTEMPATH\Common.php(1135): CodeIgniter\View\View->render('layout/v_content', [], true)
 8 APPPATH\Views\layout\v_wrapper.php(6): view('layout/v_content')
 9 SYSTEMPATH\View\View.php(213): include('APPPATH\\Views\\layout\\v_wrapper.php')
10 SYSTEMPATH\View\View.php(216): CodeIgniter\View\View->CodeIgniter\View\{closure}()
11 SYSTEMPATH\Common.php(1135): CodeIgniter\View\View->render('layout/v_wrapper', [], true)
12 APPPATH\Controllers\Mapel.php(32): view('layout/v_wrapper', [...])
13 SYSTEMPATH\CodeIgniter.php(896): App\Controllers\Mapel->add()
14 SYSTEMPATH\CodeIgniter.php(466): CodeIgniter\CodeIgniter->runController(Object(App\Controllers\Mapel))
15 SYSTEMPATH\CodeIgniter.php(349): CodeIgniter\CodeIgniter->handleRequest(null, Object(Config\Cache), false)
16 FCPATH\index.php(55): CodeIgniter\CodeIgniter->run()
CRITICAL - 2022-08-07 00:32:32 --> Call to undefined function form_open()
in APPPATH\Views\admin\mapel\v_add.php on line 12.
 1 SYSTEMPATH\View\View.php(213): include()
 2 SYSTEMPATH\View\View.php(216): CodeIgniter\View\View->CodeIgniter\View\{closure}()
 3 SYSTEMPATH\Common.php(1135): CodeIgniter\View\View->render('admin/mapel/v_add', [], true)
 4 APPPATH\Views\layout\v_content.php(3): view('admin/mapel/v_add')
 5 SYSTEMPATH\View\View.php(213): include('APPPATH\\Views\\layout\\v_content.php')
 6 SYSTEMPATH\View\View.php(216): CodeIgniter\View\View->CodeIgniter\View\{closure}()
 7 SYSTEMPATH\Common.php(1135): CodeIgniter\View\View->render('layout/v_content', [], true)
 8 APPPATH\Views\layout\v_wrapper.php(6): view('layout/v_content')
 9 SYSTEMPATH\View\View.php(213): include('APPPATH\\Views\\layout\\v_wrapper.php')
10 SYSTEMPATH\View\View.php(216): CodeIgniter\View\View->CodeIgniter\View\{closure}()
11 SYSTEMPATH\Common.php(1135): CodeIgniter\View\View->render('layout/v_wrapper', [], true)
12 APPPATH\Controllers\Mapel.php(32): view('layout/v_wrapper', [...])
13 SYSTEMPATH\CodeIgniter.php(896): App\Controllers\Mapel->add()
14 SYSTEMPATH\CodeIgniter.php(466): CodeIgniter\CodeIgniter->runController(Object(App\Controllers\Mapel))
15 SYSTEMPATH\CodeIgniter.php(349): CodeIgniter\CodeIgniter->handleRequest(null, Object(Config\Cache), false)
16 FCPATH\index.php(55): CodeIgniter\CodeIgniter->run()
CRITICAL - 2022-08-07 09:12:32 --> Undefined variable $kelas
in APPPATH\Views\admin\mapel\v_add.php on line 33.
 1 APPPATH\Views\admin\mapel\v_add.php(33): CodeIgniter\Debug\Exceptions->errorHandler(2, 'Undefined variable $kelas', 'APPPATH\\Views\\admin\\mapel\\v_add.php', 33)
 2 SYSTEMPATH\View\View.php(213): include('APPPATH\\Views\\admin\\mapel\\v_add.php')
 3 SYSTEMPATH\View\View.php(216): CodeIgniter\View\View->CodeIgniter\View\{closure}()
 4 SYSTEMPATH\Common.php(1135): CodeIgniter\View\View->render('admin/mapel/v_add', [], true)
 5 APPPATH\Views\layout\v_content.php(3): view('admin/mapel/v_add')
 6 SYSTEMPATH\View\View.php(213): include('APPPATH\\Views\\layout\\v_content.php')
 7 SYSTEMPATH\View\View.php(216): CodeIgniter\View\View->CodeIgniter\View\{closure}()
 8 SYSTEMPATH\Common.php(1135): CodeIgniter\View\View->render('layout/v_content', [], true)
 9 APPPATH\Views\layout\v_wrapper.php(6): view('layout/v_content')
10 SYSTEMPATH\View\View.php(213): include('APPPATH\\Views\\layout\\v_wrapper.php')
11 SYSTEMPATH\View\View.php(216): CodeIgniter\View\View->CodeIgniter\View\{closure}()
12 SYSTEMPATH\Common.php(1135): CodeIgniter\View\View->render('layout/v_wrapper', [], true)
13 APPPATH\Controllers\Mapel.php(36): view('layout/v_wrapper', [...])
14 SYSTEMPATH\CodeIgniter.php(896): App\Controllers\Mapel->add()
15 SYSTEMPATH\CodeIgniter.php(466): CodeIgniter\CodeIgniter->runController(Object(App\Controllers\Mapel))
16 SYSTEMPATH\CodeIgniter.php(349): CodeIgniter\CodeIgniter->handleRequest(null, Object(Config\Cache), false)
17 FCPATH\index.php(55): CodeIgniter\CodeIgniter->run()
CRITICAL - 2022-08-07 09:14:14 --> Undefined variable $kelas
in APPPATH\Views\admin\mapel\v_add.php on line 33.
 1 APPPATH\Views\admin\mapel\v_add.php(33): CodeIgniter\Debug\Exceptions->errorHandler(2, 'Undefined variable $kelas', 'APPPATH\\Views\\admin\\mapel\\v_add.php', 33)
 2 SYSTEMPATH\View\View.php(213): include('APPPATH\\Views\\admin\\mapel\\v_add.php')
 3 SYSTEMPATH\View\View.php(216): CodeIgniter\View\View->CodeIgniter\View\{closure}()
 4 SYSTEMPATH\Common.php(1135): CodeIgniter\View\View->render('admin/mapel/v_add', [], true)
 5 APPPATH\Views\layout\v_content.php(3): view('admin/mapel/v_add')
 6 SYSTEMPATH\View\View.php(213): include('APPPATH\\Views\\layout\\v_content.php')
 7 SYSTEMPATH\View\View.php(216): CodeIgniter\View\View->CodeIgniter\View\{closure}()
 8 SYSTEMPATH\Common.php(1135): CodeIgniter\View\View->render('layout/v_content', [], true)
 9 APPPATH\Views\layout\v_wrapper.php(6): view('layout/v_content')
10 SYSTEMPATH\View\View.php(213): include('APPPATH\\Views\\layout\\v_wrapper.php')
11 SYSTEMPATH\View\View.php(216): CodeIgniter\View\View->CodeIgniter\View\{closure}()
12 SYSTEMPATH\Common.php(1135): CodeIgniter\View\View->render('layout/v_wrapper', [], true)
13 APPPATH\Controllers\Mapel.php(36): view('layout/v_wrapper', [...])
14 SYSTEMPATH\CodeIgniter.php(896): App\Controllers\Mapel->add()
15 SYSTEMPATH\CodeIgniter.php(466): CodeIgniter\CodeIgniter->runController(Object(App\Controllers\Mapel))
16 SYSTEMPATH\CodeIgniter.php(349): CodeIgniter\CodeIgniter->handleRequest(null, Object(Config\Cache), false)
17 FCPATH\index.php(55): CodeIgniter\CodeIgniter->run()
CRITICAL - 2022-08-07 09:14:16 --> Undefined variable $kelas
in APPPATH\Views\admin\mapel\v_add.php on line 33.
 1 APPPATH\Views\admin\mapel\v_add.php(33): CodeIgniter\Debug\Exceptions->errorHandler(2, 'Undefined variable $kelas', 'APPPATH\\Views\\admin\\mapel\\v_add.php', 33)
 2 SYSTEMPATH\View\View.php(213): include('APPPATH\\Views\\admin\\mapel\\v_add.php')
 3 SYSTEMPATH\View\View.php(216): CodeIgniter\View\View->CodeIgniter\View\{closure}()
 4 SYSTEMPATH\Common.php(1135): CodeIgniter\View\View->render('admin/mapel/v_add', [], true)
 5 APPPATH\Views\layout\v_content.php(3): view('admin/mapel/v_add')
 6 SYSTEMPATH\View\View.php(213): include('APPPATH\\Views\\layout\\v_content.php')
 7 SYSTEMPATH\View\View.php(216): CodeIgniter\View\View->CodeIgniter\View\{closure}()
 8 SYSTEMPATH\Common.php(1135): CodeIgniter\View\View->render('layout/v_content', [], true)
 9 APPPATH\Views\layout\v_wrapper.php(6): view('layout/v_content')
10 SYSTEMPATH\View\View.php(213): include('APPPATH\\Views\\layout\\v_wrapper.php')
11 SYSTEMPATH\View\View.php(216): CodeIgniter\View\View->CodeIgniter\View\{closure}()
12 SYSTEMPATH\Common.php(1135): CodeIgniter\View\View->render('layout/v_wrapper', [], true)
13 APPPATH\Controllers\Mapel.php(36): view('layout/v_wrapper', [...])
14 SYSTEMPATH\CodeIgniter.php(896): App\Controllers\Mapel->add()
15 SYSTEMPATH\CodeIgniter.php(466): CodeIgniter\CodeIgniter->runController(Object(App\Controllers\Mapel))
16 SYSTEMPATH\CodeIgniter.php(349): CodeIgniter\CodeIgniter->handleRequest(null, Object(Config\Cache), false)
17 FCPATH\index.php(55): CodeIgniter\CodeIgniter->run()
CRITICAL - 2022-08-07 09:25:08 --> Undefined variable $kelas
in APPPATH\Views\admin\mapel\v_add.php on line 33.
 1 APPPATH\Views\admin\mapel\v_add.php(33): CodeIgniter\Debug\Exceptions->errorHandler(2, 'Undefined variable $kelas', 'APPPATH\\Views\\admin\\mapel\\v_add.php', 33)
 2 SYSTEMPATH\View\View.php(213): include('APPPATH\\Views\\admin\\mapel\\v_add.php')
 3 SYSTEMPATH\View\View.php(216): CodeIgniter\View\View->CodeIgniter\View\{closure}()
 4 SYSTEMPATH\Common.php(1135): CodeIgniter\View\View->render('admin/mapel/v_add', [], true)
 5 APPPATH\Views\layout\v_content.php(3): view('admin/mapel/v_add')
 6 SYSTEMPATH\View\View.php(213): include('APPPATH\\Views\\layout\\v_content.php')
 7 SYSTEMPATH\View\View.php(216): CodeIgniter\View\View->CodeIgniter\View\{closure}()
 8 SYSTEMPATH\Common.php(1135): CodeIgniter\View\View->render('layout/v_content', [], true)
 9 APPPATH\Views\layout\v_wrapper.php(6): view('layout/v_content')
10 SYSTEMPATH\View\View.php(213): include('APPPATH\\Views\\layout\\v_wrapper.php')
11 SYSTEMPATH\View\View.php(216): CodeIgniter\View\View->CodeIgniter\View\{closure}()
12 SYSTEMPATH\Common.php(1135): CodeIgniter\View\View->render('layout/v_wrapper', [], true)
13 APPPATH\Controllers\Mapel.php(36): view('layout/v_wrapper', [...])
14 SYSTEMPATH\CodeIgniter.php(896): App\Controllers\Mapel->add()
15 SYSTEMPATH\CodeIgniter.php(466): CodeIgniter\CodeIgniter->runController(Object(App\Controllers\Mapel))
16 SYSTEMPATH\CodeIgniter.php(349): CodeIgniter\CodeIgniter->handleRequest(null, Object(Config\Cache), false)
17 FCPATH\index.php(55): CodeIgniter\CodeIgniter->run()
CRITICAL - 2022-08-07 09:35:55 --> Undefined variable $kelas
in APPPATH\Views\admin\mapel\v_add.php on line 33.
 1 APPPATH\Views\admin\mapel\v_add.php(33): CodeIgniter\Debug\Exceptions->errorHandler(2, 'Undefined variable $kelas', 'APPPATH\\Views\\admin\\mapel\\v_add.php', 33)
 2 SYSTEMPATH\View\View.php(213): include('APPPATH\\Views\\admin\\mapel\\v_add.php')
 3 SYSTEMPATH\View\View.php(216): CodeIgniter\View\View->CodeIgniter\View\{closure}()
 4 SYSTEMPATH\Common.php(1135): CodeIgniter\View\View->render('admin/mapel/v_add', [], true)
 5 APPPATH\Views\layout\v_content.php(3): view('admin/mapel/v_add')
 6 SYSTEMPATH\View\View.php(213): include('APPPATH\\Views\\layout\\v_content.php')
 7 SYSTEMPATH\View\View.php(216): CodeIgniter\View\View->CodeIgniter\View\{closure}()
 8 SYSTEMPATH\Common.php(1135): CodeIgniter\View\View->render('layout/v_content', [], true)
 9 APPPATH\Views\layout\v_wrapper.php(6): view('layout/v_content')
10 SYSTEMPATH\View\View.php(213): include('APPPATH\\Views\\layout\\v_wrapper.php')
11 SYSTEMPATH\View\View.php(216): CodeIgniter\View\View->CodeIgniter\View\{closure}()
12 SYSTEMPATH\Common.php(1135): CodeIgniter\View\View->render('layout/v_wrapper', [], true)
13 APPPATH\Controllers\Mapel.php(36): view('layout/v_wrapper', [...])
14 SYSTEMPATH\CodeIgniter.php(896): App\Controllers\Mapel->add()
15 SYSTEMPATH\CodeIgniter.php(466): CodeIgniter\CodeIgniter->runController(Object(App\Controllers\Mapel))
16 SYSTEMPATH\CodeIgniter.php(349): CodeIgniter\CodeIgniter->handleRequest(null, Object(Config\Cache), false)
17 FCPATH\index.php(55): CodeIgniter\CodeIgniter->run()
CRITICAL - 2022-08-07 09:58:50 --> required] is not a valid rule.
in SYSTEMPATH\Validation\Validation.php on line 314.
 1 SYSTEMPATH\Validation\Validation.php(314): CodeIgniter\Validation\Exceptions\ValidationException::forRuleNotFound('required]')
 2 SYSTEMPATH\Validation\Validation.php(173): CodeIgniter\Validation\Validation->processRules('mapel', 'Mata Pelajaran', 'ROOTPATH\\public', [...], [...])
 3 SYSTEMPATH\Controller.php(140): CodeIgniter\Validation\Validation->run()
 4 APPPATH\Controllers\Mapel.php(44): CodeIgniter\Controller->validate([...])
 5 SYSTEMPATH\CodeIgniter.php(896): App\Controllers\Mapel->insert()
 6 SYSTEMPATH\CodeIgniter.php(466): CodeIgniter\CodeIgniter->runController(Object(App\Controllers\Mapel))
 7 SYSTEMPATH\CodeIgniter.php(349): CodeIgniter\CodeIgniter->handleRequest(null, Object(Config\Cache), false)
 8 FCPATH\index.php(55): CodeIgniter\CodeIgniter->run()
ERROR - 2022-08-07 10:01:52 --> Unknown column 'kode_mapel' in 'where clause'
CRITICAL - 2022-08-07 10:01:52 --> Unknown column 'kode_mapel' in 'where clause'
in SYSTEMPATH\Database\MySQLi\Connection.php on line 292.
 1 SYSTEMPATH\Database\MySQLi\Connection.php(292): mysqli->query('SELECT 1
FROM `tbl-kelas`
WHERE `kode_mapel` = \'PAI\'
 LIMIT 1', 0)
 2 SYSTEMPATH\Database\BaseConnection.php(695): CodeIgniter\Database\MySQLi\Connection->execute('SELECT 1
FROM `tbl-kelas`
WHERE `kode_mapel` = \'PAI\'
 LIMIT 1')
 3 SYSTEMPATH\Database\BaseConnection.php(609): CodeIgniter\Database\BaseConnection->simpleQuery('SELECT 1
FROM `tbl-kelas`
WHERE `kode_mapel` = \'PAI\'
 LIMIT 1')
 4 SYSTEMPATH\Database\BaseBuilder.php(1585): CodeIgniter\Database\BaseConnection->query('SELECT 1
FROM `tbl-kelas`
WHERE `kode_mapel` = :kode_mapel:
 LIMIT 1', [...], false)
 5 SYSTEMPATH\Validation\Rules.php(142): CodeIgniter\Database\BaseBuilder->get()
 6 SYSTEMPATH\Validation\Validation.php(306): CodeIgniter\Validation\Rules->is_unique('PAI', 'kode_mapel', [...], null)
 7 SYSTEMPATH\Validation\Validation.php(173): CodeIgniter\Validation\Validation->processRules('kode_mapel', 'Kode Mata Pelajaran', 'PAI', [...], [...])
 8 SYSTEMPATH\Controller.php(140): CodeIgniter\Validation\Validation->run()
 9 APPPATH\Controllers\Mapel.php(44): CodeIgniter\Controller->validate([...])
10 SYSTEMPATH\CodeIgniter.php(896): App\Controllers\Mapel->insert()
11 SYSTEMPATH\CodeIgniter.php(466): CodeIgniter\CodeIgniter->runController(Object(App\Controllers\Mapel))
12 SYSTEMPATH\CodeIgniter.php(349): CodeIgniter\CodeIgniter->handleRequest(null, Object(Config\Cache), false)
13 FCPATH\index.php(55): CodeIgniter\CodeIgniter->run()
ERROR - 2022-08-07 10:14:46 --> Unknown column 'kode_mapel' in 'where clause'
CRITICAL - 2022-08-07 10:14:46 --> Unknown column 'kode_mapel' in 'where clause'
in SYSTEMPATH\Database\MySQLi\Connection.php on line 292.
 1 SYSTEMPATH\Database\MySQLi\Connection.php(292): mysqli->query('SELECT 1
FROM `tbl-kelas`
WHERE `kode_mapel` = \'IPS\'
 LIMIT 1', 0)
 2 SYSTEMPATH\Database\BaseConnection.php(695): CodeIgniter\Database\MySQLi\Connection->execute('SELECT 1
FROM `tbl-kelas`
WHERE `kode_mapel` = \'IPS\'
 LIMIT 1')
 3 SYSTEMPATH\Database\BaseConnection.php(609): CodeIgniter\Database\BaseConnection->simpleQuery('SELECT 1
FROM `tbl-kelas`
WHERE `kode_mapel` = \'IPS\'
 LIMIT 1')
 4 SYSTEMPATH\Database\BaseBuilder.php(1585): CodeIgniter\Database\BaseConnection->query('SELECT 1
FROM `tbl-kelas`
WHERE `kode_mapel` = :kode_mapel:
 LIMIT 1', [...], false)
 5 SYSTEMPATH\Validation\Rules.php(142): CodeIgniter\Database\BaseBuilder->get()
 6 SYSTEMPATH\Validation\Validation.php(306): CodeIgniter\Validation\Rules->is_unique('IPS', 'kode_mapel', [...], null)
 7 SYSTEMPATH\Validation\Validation.php(173): CodeIgniter\Validation\Validation->processRules('kode_mapel', 'Kode Mata Pelajaran', 'IPS', [...], [...])
 8 SYSTEMPATH\Controller.php(140): CodeIgniter\Validation\Validation->run()
 9 APPPATH\Controllers\Mapel.php(41): CodeIgniter\Controller->validate([...])
10 SYSTEMPATH\CodeIgniter.php(896): App\Controllers\Mapel->insert()
11 SYSTEMPATH\CodeIgniter.php(466): CodeIgniter\CodeIgniter->runController(Object(App\Controllers\Mapel))
12 SYSTEMPATH\CodeIgniter.php(349): CodeIgniter\CodeIgniter->handleRequest(null, Object(Config\Cache), false)
13 FCPATH\index.php(55): CodeIgniter\CodeIgniter->run()
CRITICAL - 2022-08-07 10:16:43 --> Undefined array key "id_mapel"
in APPPATH\Models\ModelMapel.php on line 28.
 1 APPPATH\Models\ModelMapel.php(28): CodeIgniter\Debug\Exceptions->errorHandler(2, 'Undefined array key "id_mapel"', 'APPPATH\\Models\\ModelMapel.php', 28)
 2 APPPATH\Controllers\Mapel.php(69): App\Models\ModelMapel->add([...])
 3 SYSTEMPATH\CodeIgniter.php(896): App\Controllers\Mapel->insert()
 4 SYSTEMPATH\CodeIgniter.php(466): CodeIgniter\CodeIgniter->runController(Object(App\Controllers\Mapel))
 5 SYSTEMPATH\CodeIgniter.php(349): CodeIgniter\CodeIgniter->handleRequest(null, Object(Config\Cache), false)
 6 FCPATH\index.php(55): CodeIgniter\CodeIgniter->run()
CRITICAL - 2022-08-07 10:22:49 --> Undefined array key "id_mapel"
in APPPATH\Models\ModelMapel.php on line 28.
 1 APPPATH\Models\ModelMapel.php(28): CodeIgniter\Debug\Exceptions->errorHandler(2, 'Undefined array key "id_mapel"', 'APPPATH\\Models\\ModelMapel.php', 28)
 2 APPPATH\Controllers\Mapel.php(69): App\Models\ModelMapel->add([...])
 3 SYSTEMPATH\CodeIgniter.php(896): App\Controllers\Mapel->insert()
 4 SYSTEMPATH\CodeIgniter.php(466): CodeIgniter\CodeIgniter->runController(Object(App\Controllers\Mapel))
 5 SYSTEMPATH\CodeIgniter.php(349): CodeIgniter\CodeIgniter->handleRequest(null, Object(Config\Cache), false)
 6 FCPATH\index.php(55): CodeIgniter\CodeIgniter->run()
CRITICAL - 2022-08-07 10:41:15 --> Undefined array key "id_mapel"
in APPPATH\Models\ModelMapel.php on line 28.
 1 APPPATH\Models\ModelMapel.php(28): CodeIgniter\Debug\Exceptions->errorHandler(2, 'Undefined array key "id_mapel"', 'APPPATH\\Models\\ModelMapel.php', 28)
 2 APPPATH\Controllers\Mapel.php(69): App\Models\ModelMapel->add([...])
 3 SYSTEMPATH\CodeIgniter.php(896): App\Controllers\Mapel->insert()
 4 SYSTEMPATH\CodeIgniter.php(466): CodeIgniter\CodeIgniter->runController(Object(App\Controllers\Mapel))
 5 SYSTEMPATH\CodeIgniter.php(349): CodeIgniter\CodeIgniter->handleRequest(null, Object(Config\Cache), false)
 6 FCPATH\index.php(55): CodeIgniter\CodeIgniter->run()
CRITICAL - 2022-08-07 10:44:08 --> Undefined array key "id_mapel"
in APPPATH\Models\ModelMapel.php on line 28.
 1 APPPATH\Models\ModelMapel.php(28): CodeIgniter\Debug\Exceptions->errorHandler(2, 'Undefined array key "id_mapel"', 'APPPATH\\Models\\ModelMapel.php', 28)
 2 APPPATH\Controllers\Mapel.php(70): App\Models\ModelMapel->add([...])
 3 SYSTEMPATH\CodeIgniter.php(896): App\Controllers\Mapel->insert()
 4 SYSTEMPATH\CodeIgniter.php(466): CodeIgniter\CodeIgniter->runController(Object(App\Controllers\Mapel))
 5 SYSTEMPATH\CodeIgniter.php(349): CodeIgniter\CodeIgniter->handleRequest(null, Object(Config\Cache), false)
 6 FCPATH\index.php(55): CodeIgniter\CodeIgniter->run()
CRITICAL - 2022-08-07 10:44:34 --> Undefined array key "id_mapel"
in APPPATH\Models\ModelMapel.php on line 28.
 1 APPPATH\Models\ModelMapel.php(28): CodeIgniter\Debug\Exceptions->errorHandler(2, 'Undefined array key "id_mapel"', 'APPPATH\\Models\\ModelMapel.php', 28)
 2 APPPATH\Controllers\Mapel.php(70): App\Models\ModelMapel->add([...])
 3 SYSTEMPATH\CodeIgniter.php(896): App\Controllers\Mapel->insert()
 4 SYSTEMPATH\CodeIgniter.php(466): CodeIgniter\CodeIgniter->runController(Object(App\Controllers\Mapel))
 5 SYSTEMPATH\CodeIgniter.php(349): CodeIgniter\CodeIgniter->handleRequest(null, Object(Config\Cache), false)
 6 FCPATH\index.php(55): CodeIgniter\CodeIgniter->run()
ERROR - 2022-08-07 11:09:43 --> Unknown column 'kode_mapel' in 'field list'
CRITICAL - 2022-08-07 11:09:43 --> Unknown column 'kode_mapel' in 'field list'
in SYSTEMPATH\Database\MySQLi\Connection.php on line 292.
 1 SYSTEMPATH\Database\MySQLi\Connection.php(292): mysqli->query('INSERT INTO `tbl-kelas` (`id_kelas`, `kode_mapel`, `nama_mapel`) VALUES (\'24\', \'PAI7\', \'PAI kelas 7\')', 0)
 2 SYSTEMPATH\Database\BaseConnection.php(695): CodeIgniter\Database\MySQLi\Connection->execute('INSERT INTO `tbl-kelas` (`id_kelas`, `kode_mapel`, `nama_mapel`) VALUES (\'24\', \'PAI7\', \'PAI kelas 7\')')
 3 SYSTEMPATH\Database\BaseConnection.php(609): CodeIgniter\Database\BaseConnection->simpleQuery('INSERT INTO `tbl-kelas` (`id_kelas`, `kode_mapel`, `nama_mapel`) VALUES (\'24\', \'PAI7\', \'PAI kelas 7\')')
 4 SYSTEMPATH\Database\BaseBuilder.php(1904): CodeIgniter\Database\BaseConnection->query('INSERT INTO `tbl-kelas` (`id_kelas`, `kode_mapel`, `nama_mapel`) VALUES (:id_kelas:, :kode_mapel:, :nama_mapel:)', [...], false)
 5 APPPATH\Models\ModelMapel.php(27): CodeIgniter\Database\BaseBuilder->insert([...])
 6 APPPATH\Controllers\Mapel.php(69): App\Models\ModelMapel->add([...])
 7 SYSTEMPATH\CodeIgniter.php(896): App\Controllers\Mapel->insert()
 8 SYSTEMPATH\CodeIgniter.php(466): CodeIgniter\CodeIgniter->runController(Object(App\Controllers\Mapel))
 9 SYSTEMPATH\CodeIgniter.php(349): CodeIgniter\CodeIgniter->handleRequest(null, Object(Config\Cache), false)
10 FCPATH\index.php(55): CodeIgniter\CodeIgniter->run()
