CRITICAL - 2022-08-06 11:09:35 --> strpos(): Passing null to parameter #1 ($haystack) of type string is deprecated
in SYSTEMPATH\Debug\Toolbar.php on line 421.
 1 [internal function]: CodeIgniter\Debug\Exceptions->errorHandler(8192, 'strpos(): Passing null to parameter #1 ($haystack) of type string is deprecated', 'SYSTEMPATH\\Debug\\Toolbar.php', 421)
 2 SYSTEMPATH\Debug\Toolbar.php(421): strpos(null, '<head>')
 3 SYSTEMPATH\Filters\DebugToolbar.php(40): CodeIgniter\Debug\Toolbar->prepare(Object(CodeIgniter\HTTP\IncomingRequest), Object(CodeIgniter\HTTP\RedirectResponse))
 4 SYSTEMPATH\Filters\Filters.php(196): CodeIgniter\Filters\DebugToolbar->after(Object(CodeIgniter\HTTP\IncomingRequest), Object(CodeIgniter\HTTP\RedirectResponse), null)
 5 SYSTEMPATH\CodeIgniter.php(483): CodeIgniter\Filters\Filters->run('auth', 'after')
 6 SYSTEMPATH\CodeIgniter.php(349): CodeIgniter\CodeIgniter->handleRequest(null, Object(Config\Cache), false)
 7 FCPATH\index.php(55): CodeIgniter\CodeIgniter->run()
CRITICAL - 2022-08-06 11:10:33 --> strpos(): Passing null to parameter #1 ($haystack) of type string is deprecated
in SYSTEMPATH\Debug\Toolbar.php on line 421.
 1 [internal function]: CodeIgniter\Debug\Exceptions->errorHandler(8192, 'strpos(): Passing null to parameter #1 ($haystack) of type string is deprecated', 'SYSTEMPATH\\Debug\\Toolbar.php', 421)
 2 SYSTEMPATH\Debug\Toolbar.php(421): strpos(null, '<head>')
 3 SYSTEMPATH\Filters\DebugToolbar.php(40): CodeIgniter\Debug\Toolbar->prepare(Object(CodeIgniter\HTTP\IncomingRequest), Object(CodeIgniter\HTTP\RedirectResponse))
 4 SYSTEMPATH\Filters\Filters.php(196): CodeIgniter\Filters\DebugToolbar->after(Object(CodeIgniter\HTTP\IncomingRequest), Object(CodeIgniter\HTTP\RedirectResponse), null)
 5 SYSTEMPATH\CodeIgniter.php(483): CodeIgniter\Filters\Filters->run('mapel', 'after')
 6 SYSTEMPATH\CodeIgniter.php(349): CodeIgniter\CodeIgniter->handleRequest(null, Object(Config\Cache), false)
 7 FCPATH\index.php(55): CodeIgniter\CodeIgniter->run()
CRITICAL - 2022-08-06 11:11:31 --> strpos(): Passing null to parameter #1 ($haystack) of type string is deprecated
in SYSTEMPATH\Debug\Toolbar.php on line 421.
 1 [internal function]: CodeIgniter\Debug\Exceptions->errorHandler(8192, 'strpos(): Passing null to parameter #1 ($haystack) of type string is deprecated', 'SYSTEMPATH\\Debug\\Toolbar.php', 421)
 2 SYSTEMPATH\Debug\Toolbar.php(421): strpos(null, '<head>')
 3 SYSTEMPATH\Filters\DebugToolbar.php(40): CodeIgniter\Debug\Toolbar->prepare(Object(CodeIgniter\HTTP\IncomingRequest), Object(CodeIgniter\HTTP\RedirectResponse))
 4 SYSTEMPATH\Filters\Filters.php(196): CodeIgniter\Filters\DebugToolbar->after(Object(CodeIgniter\HTTP\IncomingRequest), Object(CodeIgniter\HTTP\RedirectResponse), null)
 5 SYSTEMPATH\CodeIgniter.php(483): CodeIgniter\Filters\Filters->run('mapel', 'after')
 6 SYSTEMPATH\CodeIgniter.php(349): CodeIgniter\CodeIgniter->handleRequest(null, Object(Config\Cache), false)
 7 FCPATH\index.php(55): CodeIgniter\CodeIgniter->run()
CRITICAL - 2022-08-06 11:40:25 --> Class "App\Models\ModelMapel" not found
in APPPATH\Controllers\Mapel.php on line 11.
 1 SYSTEMPATH\CodeIgniter.php(858): App\Controllers\Mapel->__construct()
 2 SYSTEMPATH\CodeIgniter.php(457): CodeIgniter\CodeIgniter->createController()
 3 SYSTEMPATH\CodeIgniter.php(349): CodeIgniter\CodeIgniter->handleRequest(null, Object(Config\Cache), false)
 4 FCPATH\index.php(55): CodeIgniter\CodeIgniter->run()
CRITICAL - 2022-08-06 12:11:59 --> Undefined array key "mapel"
in APPPATH\Views\admin\mapel\v_index.php on line 42.
 1 APPPATH\Views\admin\mapel\v_index.php(42): CodeIgniter\Debug\Exceptions->errorHandler(2, 'Undefined array key "mapel"', 'APPPATH\\Views\\admin\\mapel\\v_index.php', 42)
 2 SYSTEMPATH\View\View.php(213): include('APPPATH\\Views\\admin\\mapel\\v_index.php')
 3 SYSTEMPATH\View\View.php(216): CodeIgniter\View\View->CodeIgniter\View\{closure}()
 4 SYSTEMPATH\Common.php(1135): CodeIgniter\View\View->render('admin/mapel/v_index', [], true)
 5 APPPATH\Views\layout\v_content.php(3): view('admin/mapel/v_index')
 6 SYSTEMPATH\View\View.php(213): include('APPPATH\\Views\\layout\\v_content.php')
 7 SYSTEMPATH\View\View.php(216): CodeIgniter\View\View->CodeIgniter\View\{closure}()
 8 SYSTEMPATH\Common.php(1135): CodeIgniter\View\View->render('layout/v_content', [], true)
 9 APPPATH\Views\layout\v_wrapper.php(6): view('layout/v_content')
10 SYSTEMPATH\View\View.php(213): include('APPPATH\\Views\\layout\\v_wrapper.php')
11 SYSTEMPATH\View\View.php(216): CodeIgniter\View\View->CodeIgniter\View\{closure}()
12 SYSTEMPATH\Common.php(1135): CodeIgniter\View\View->render('layout/v_wrapper', [], true)
13 APPPATH\Controllers\Mapel.php(21): view('layout/v_wrapper', [...])
14 SYSTEMPATH\CodeIgniter.php(896): App\Controllers\Mapel->index()
15 SYSTEMPATH\CodeIgniter.php(466): CodeIgniter\CodeIgniter->runController(Object(App\Controllers\Mapel))
16 SYSTEMPATH\CodeIgniter.php(349): CodeIgniter\CodeIgniter->handleRequest(null, Object(Config\Cache), false)
17 FCPATH\index.php(55): CodeIgniter\CodeIgniter->run()
CRITICAL - 2022-08-06 12:20:07 --> Call to undefined function form_open()
in APPPATH\Views\admin\mapel\v_index.php on line 72.
 1 SYSTEMPATH\View\View.php(213): include()
 2 SYSTEMPATH\View\View.php(216): CodeIgniter\View\View->CodeIgniter\View\{closure}()
 3 SYSTEMPATH\Common.php(1135): CodeIgniter\View\View->render('admin/mapel/v_index', [], true)
 4 APPPATH\Views\layout\v_content.php(3): view('admin/mapel/v_index')
 5 SYSTEMPATH\View\View.php(213): include('APPPATH\\Views\\layout\\v_content.php')
 6 SYSTEMPATH\View\View.php(216): CodeIgniter\View\View->CodeIgniter\View\{closure}()
 7 SYSTEMPATH\Common.php(1135): CodeIgniter\View\View->render('layout/v_content', [], true)
 8 APPPATH\Views\layout\v_wrapper.php(6): view('layout/v_content')
 9 SYSTEMPATH\View\View.php(213): include('APPPATH\\Views\\layout\\v_wrapper.php')
10 SYSTEMPATH\View\View.php(216): CodeIgniter\View\View->CodeIgniter\View\{closure}()
11 SYSTEMPATH\Common.php(1135): CodeIgniter\View\View->render('layout/v_wrapper', [], true)
12 APPPATH\Controllers\Mapel.php(21): view('layout/v_wrapper', [...])
13 SYSTEMPATH\CodeIgniter.php(896): App\Controllers\Mapel->index()
14 SYSTEMPATH\CodeIgniter.php(466): CodeIgniter\CodeIgniter->runController(Object(App\Controllers\Mapel))
15 SYSTEMPATH\CodeIgniter.php(349): CodeIgniter\CodeIgniter->handleRequest(null, Object(Config\Cache), false)
16 FCPATH\index.php(55): CodeIgniter\CodeIgniter->run()
